2026-01-08 09:35:34.260  INFO 9396 --- [restartedMain] com.mbti.BackendApplication              : Starting BackendApplication using Java 21.0.8 with PID 9396 (E:\project\MBTI\backend\build\classes\java\main started by TJ in E:\project\MBTI\backend)
2026-01-08 09:35:34.265  INFO 9396 --- [restartedMain] com.mbti.BackendApplication              : No active profile set, falling back to 1 default profile: "default"
2026-01-08 09:35:34.339  INFO 9396 --- [restartedMain] .e.DevToolsPropertyDefaultsPostProcessor : Devtools property defaults active! Set 'spring.devtools.add-properties' to 'false' to disable
2026-01-08 09:35:34.340  INFO 9396 --- [restartedMain] .e.DevToolsPropertyDefaultsPostProcessor : For additional web related logging consider setting the 'logging.level.web' property to 'DEBUG'
2026-01-08 09:35:36.721  INFO 9396 --- [restartedMain] o.s.b.w.embedded.tomcat.TomcatWebServer  : Tomcat initialized with port 8080 (http)
2026-01-08 09:35:36.738  INFO 9396 --- [restartedMain] o.apache.catalina.core.StandardService   : Starting service [Tomcat]
2026-01-08 09:35:36.739  INFO 9396 --- [restartedMain] o.apache.catalina.core.StandardEngine    : Starting Servlet engine: [Apache Tomcat/10.1.17]
2026-01-08 09:35:36.811  INFO 9396 --- [restartedMain] o.a.c.c.C.[Tomcat].[localhost].[/]       : Initializing Spring embedded WebApplicationContext
2026-01-08 09:35:36.812  INFO 9396 --- [restartedMain] w.s.c.ServletWebServerApplicationContext : Root WebApplicationContext: initialization completed in 2470 ms
2026-01-08 09:35:36.968  INFO 9396 --- [restartedMain] com.zaxxer.hikari.HikariDataSource       : HikariPool-1 - Starting...
2026-01-08 09:35:37.288  INFO 9396 --- [restartedMain] com.zaxxer.hikari.pool.HikariPool        : HikariPool-1 - Added connection org.postgresql.jdbc.PgConnection@5a75b09a
2026-01-08 09:35:37.290  INFO 9396 --- [restartedMain] com.zaxxer.hikari.HikariDataSource       : HikariPool-1 - Start completed.
2026-01-08 09:35:39.304  INFO 9396 --- [restartedMain] o.s.b.d.a.OptionalLiveReloadServer       : LiveReload server is running on port 35729
2026-01-08 09:35:39.400  INFO 9396 --- [restartedMain] o.s.b.w.embedded.tomcat.TomcatWebServer  : Tomcat started on port 8080 (http) with context path ''
2026-01-08 09:35:39.409  INFO 9396 --- [restartedMain] com.mbti.BackendApplication              : Started BackendApplication in 6.242 seconds (process running for 8.3)
2026-01-08 11:33:33.067  INFO 9396 --- [SpringApplicationShutdownHook] com.zaxxer.hikari.HikariDataSource       : HikariPool-1 - Shutdown initiated...
2026-01-08 11:33:33.083  INFO 9396 --- [SpringApplicationShutdownHook] com.zaxxer.hikari.HikariDataSource       : HikariPool-1 - Shutdown completed.
2026-01-08 11:48:10.684  INFO 12240 --- [restartedMain] com.mbti.BackendApplication              : Starting BackendApplication using Java 21.0.8 with PID 12240 (E:\project\MBTI\backend\build\classes\java\main started by TJ in E:\project\MBTI\backend)
2026-01-08 11:48:10.686  INFO 12240 --- [restartedMain] com.mbti.BackendApplication              : No active profile set, falling back to 1 default profile: "default"
2026-01-08 11:48:10.746  INFO 12240 --- [restartedMain] .e.DevToolsPropertyDefaultsPostProcessor : Devtools property defaults active! Set 'spring.devtools.add-properties' to 'false' to disable
2026-01-08 11:48:10.747  INFO 12240 --- [restartedMain] .e.DevToolsPropertyDefaultsPostProcessor : For additional web related logging consider setting the 'logging.level.web' property to 'DEBUG'
2026-01-08 11:48:13.329  INFO 12240 --- [restartedMain] o.s.b.w.embedded.tomcat.TomcatWebServer  : Tomcat initialized with port 8080 (http)
2026-01-08 11:48:13.347  INFO 12240 --- [restartedMain] o.apache.catalina.core.StandardService   : Starting service [Tomcat]
2026-01-08 11:48:13.347  INFO 12240 --- [restartedMain] o.apache.catalina.core.StandardEngine    : Starting Servlet engine: [Apache Tomcat/10.1.17]
2026-01-08 11:48:13.445  INFO 12240 --- [restartedMain] o.a.c.c.C.[Tomcat].[localhost].[/]       : Initializing Spring embedded WebApplicationContext
2026-01-08 11:48:13.445  INFO 12240 --- [restartedMain] w.s.c.ServletWebServerApplicationContext : Root WebApplicationContext: initialization completed in 2698 ms
2026-01-08 11:48:13.600  INFO 12240 --- [restartedMain] com.zaxxer.hikari.HikariDataSource       : HikariPool-1 - Starting...
2026-01-08 11:48:13.886  INFO 12240 --- [restartedMain] com.zaxxer.hikari.pool.HikariPool        : HikariPool-1 - Added connection org.postgresql.jdbc.PgConnection@5c4ce3d6
2026-01-08 11:48:13.888  INFO 12240 --- [restartedMain] com.zaxxer.hikari.HikariDataSource       : HikariPool-1 - Start completed.
2026-01-08 11:48:15.647  INFO 12240 --- [restartedMain] o.s.b.d.a.OptionalLiveReloadServer       : LiveReload server is running on port 35729
2026-01-08 11:48:15.692  INFO 12240 --- [restartedMain] o.s.b.w.embedded.tomcat.TomcatWebServer  : Tomcat started on port 8080 (http) with context path ''
2026-01-08 11:48:15.700  INFO 12240 --- [restartedMain] com.mbti.BackendApplication              : Started BackendApplication in 6.011 seconds (process running for 7.239)
2026-01-08 12:32:41.408  INFO 12240 --- [http-nio-8080-exec-1] o.a.c.c.C.[Tomcat].[localhost].[/]       : Initializing Spring DispatcherServlet 'dispatcherServlet'
2026-01-08 12:32:41.411  INFO 12240 --- [http-nio-8080-exec-1] o.s.web.servlet.DispatcherServlet        : Initializing Servlet 'dispatcherServlet'
2026-01-08 12:32:41.421  INFO 12240 --- [http-nio-8080-exec-1] o.s.web.servlet.DispatcherServlet        : Completed initialization in 10 ms
2026-01-08 12:32:59.744  INFO 12240 --- [SpringApplicationShutdownHook] com.zaxxer.hikari.HikariDataSource       : HikariPool-1 - Shutdown initiated...
2026-01-08 12:32:59.780  INFO 12240 --- [SpringApplicationShutdownHook] com.zaxxer.hikari.HikariDataSource       : HikariPool-1 - Shutdown completed.
2026-01-08 12:33:10.620  INFO 21168 --- [restartedMain] com.mbti.BackendApplication              : Starting BackendApplication using Java 21.0.8 with PID 21168 (E:\project\MBTI\backend\build\classes\java\main started by TJ in E:\project\MBTI\backend)
2026-01-08 12:33:10.622  INFO 21168 --- [restartedMain] com.mbti.BackendApplication              : No active profile set, falling back to 1 default profile: "default"
2026-01-08 12:33:10.668  INFO 21168 --- [restartedMain] .e.DevToolsPropertyDefaultsPostProcessor : Devtools property defaults active! Set 'spring.devtools.add-properties' to 'false' to disable
2026-01-08 12:33:10.668  INFO 21168 --- [restartedMain] .e.DevToolsPropertyDefaultsPostProcessor : For additional web related logging consider setting the 'logging.level.web' property to 'DEBUG'
2026-01-08 12:33:12.570  INFO 21168 --- [restartedMain] o.s.b.w.embedded.tomcat.TomcatWebServer  : Tomcat initialized with port 8080 (http)
2026-01-08 12:33:12.594  INFO 21168 --- [restartedMain] o.apache.catalina.core.StandardService   : Starting service [Tomcat]
2026-01-08 12:33:12.595  INFO 21168 --- [restartedMain] o.apache.catalina.core.StandardEngine    : Starting Servlet engine: [Apache Tomcat/10.1.17]
2026-01-08 12:33:12.667  INFO 21168 --- [restartedMain] o.a.c.c.C.[Tomcat].[localhost].[/]       : Initializing Spring embedded WebApplicationContext
2026-01-08 12:33:12.668  INFO 21168 --- [restartedMain] w.s.c.ServletWebServerApplicationContext : Root WebApplicationContext: initialization completed in 2000 ms
2026-01-08 12:33:12.772  INFO 21168 --- [restartedMain] com.zaxxer.hikari.HikariDataSource       : HikariPool-1 - Starting...
2026-01-08 12:33:13.000  INFO 21168 --- [restartedMain] com.zaxxer.hikari.pool.HikariPool        : HikariPool-1 - Added connection org.postgresql.jdbc.PgConnection@335182ba
2026-01-08 12:33:13.003  INFO 21168 --- [restartedMain] com.zaxxer.hikari.HikariDataSource       : HikariPool-1 - Start completed.
2026-01-08 12:33:14.258  INFO 21168 --- [restartedMain] o.s.b.d.a.OptionalLiveReloadServer       : LiveReload server is running on port 35729
2026-01-08 12:33:14.298  INFO 21168 --- [restartedMain] o.s.b.w.embedded.tomcat.TomcatWebServer  : Tomcat started on port 8080 (http) with context path ''
2026-01-08 12:33:14.305  INFO 21168 --- [restartedMain] com.mbti.BackendApplication              : Started BackendApplication in 4.329 seconds (process running for 5.163)
2026-01-08 12:33:16.745  INFO 21168 --- [http-nio-8080-exec-1] o.a.c.c.C.[Tomcat].[localhost].[/]       : Initializing Spring DispatcherServlet 'dispatcherServlet'
2026-01-08 12:33:16.745  INFO 21168 --- [http-nio-8080-exec-1] o.s.web.servlet.DispatcherServlet        : Initializing Servlet 'dispatcherServlet'
2026-01-08 12:33:16.746  INFO 21168 --- [http-nio-8080-exec-1] o.s.web.servlet.DispatcherServlet        : Completed initialization in 1 ms
2026-01-08 12:33:16.914  INFO 21168 --- [http-nio-8080-exec-1] com.mbti.common.aop.LoggingAspect        : [UserController.login()] 요청 / ip : 0:0:0:0:0:0:0:1
2026-01-08 12:33:16.915  INFO 21168 --- [http-nio-8080-exec-1] c.mbti.user.controller.UserController    : POST /api/users/login - User: 홍길동
2026-01-08 12:33:16.927  INFO 21168 --- [http-nio-8080-exec-1] com.mbti.common.aop.LoggingAspect        : ========== UserServiceImpl.login() 서비스 호출 ==========
2026-01-08 12:33:16.927  INFO 21168 --- [http-nio-8080-exec-1] com.mbti.common.aop.LoggingAspect        : Parameter : [홍길동]
2026-01-08 12:33:16.931  INFO 21168 --- [http-nio-8080-exec-1] com.mbti.user.service.UserServiceImpl    : Login attempt for user: 홍길동
2026-01-08 12:33:17.014  INFO 21168 --- [http-nio-8080-exec-1] com.mbti.user.service.UserServiceImpl    : Existing user logged in: 홍길동
2026-01-08 12:33:17.016  INFO 21168 --- [http-nio-8080-exec-1] com.mbti.common.aop.LoggingAspect        : Running Time : 88ms
2026-01-08 12:33:17.016  INFO 21168 --- [http-nio-8080-exec-1] com.mbti.common.aop.LoggingAspect        : ===================================================================================
2026-01-08 12:51:26.861  INFO 21168 --- [SpringApplicationShutdownHook] com.zaxxer.hikari.HikariDataSource       : HikariPool-1 - Shutdown initiated...
2026-01-08 12:51:26.895  INFO 21168 --- [SpringApplicationShutdownHook] com.zaxxer.hikari.HikariDataSource       : HikariPool-1 - Shutdown completed.
2026-01-08 13:05:56.869  INFO 7436 --- [restartedMain] com.mbti.BackendApplication              : Starting BackendApplication using Java 21.0.8 with PID 7436 (E:\project\MBTI\backend\build\classes\java\main started by TJ in E:\project\MBTI\backend)
2026-01-08 13:05:56.872  INFO 7436 --- [restartedMain] com.mbti.BackendApplication              : No active profile set, falling back to 1 default profile: "default"
2026-01-08 13:05:57.033  INFO 7436 --- [restartedMain] .e.DevToolsPropertyDefaultsPostProcessor : Devtools property defaults active! Set 'spring.devtools.add-properties' to 'false' to disable
2026-01-08 13:05:57.034  INFO 7436 --- [restartedMain] .e.DevToolsPropertyDefaultsPostProcessor : For additional web related logging consider setting the 'logging.level.web' property to 'DEBUG'
2026-01-08 13:05:59.054  INFO 7436 --- [restartedMain] o.s.b.w.embedded.tomcat.TomcatWebServer  : Tomcat initialized with port 8080 (http)
2026-01-08 13:05:59.071  INFO 7436 --- [restartedMain] o.apache.catalina.core.StandardService   : Starting service [Tomcat]
2026-01-08 13:05:59.072  INFO 7436 --- [restartedMain] o.apache.catalina.core.StandardEngine    : Starting Servlet engine: [Apache Tomcat/10.1.17]
2026-01-08 13:05:59.131  INFO 7436 --- [restartedMain] o.a.c.c.C.[Tomcat].[localhost].[/]       : Initializing Spring embedded WebApplicationContext
2026-01-08 13:05:59.132  INFO 7436 --- [restartedMain] w.s.c.ServletWebServerApplicationContext : Root WebApplicationContext: initialization completed in 2096 ms
2026-01-08 13:05:59.239  INFO 7436 --- [restartedMain] com.zaxxer.hikari.HikariDataSource       : HikariPool-1 - Starting...
2026-01-08 13:05:59.546  INFO 7436 --- [restartedMain] com.zaxxer.hikari.pool.HikariPool        : HikariPool-1 - Added connection org.postgresql.jdbc.PgConnection@29887d35
2026-01-08 13:05:59.547  INFO 7436 --- [restartedMain] com.zaxxer.hikari.HikariDataSource       : HikariPool-1 - Start completed.
2026-01-08 13:06:00.956  INFO 7436 --- [restartedMain] o.s.b.d.a.OptionalLiveReloadServer       : LiveReload server is running on port 35729
2026-01-08 13:06:00.996  INFO 7436 --- [restartedMain] o.s.b.w.embedded.tomcat.TomcatWebServer  : Tomcat started on port 8080 (http) with context path ''
2026-01-08 13:06:01.004  INFO 7436 --- [restartedMain] com.mbti.BackendApplication              : Started BackendApplication in 4.978 seconds (process running for 6.479)
2026-01-08 13:06:11.535  INFO 7436 --- [SpringApplicationShutdownHook] com.zaxxer.hikari.HikariDataSource       : HikariPool-1 - Shutdown initiated...
2026-01-08 13:06:11.542  INFO 7436 --- [SpringApplicationShutdownHook] com.zaxxer.hikari.HikariDataSource       : HikariPool-1 - Shutdown completed.
2026-01-08 13:06:18.019  INFO 23336 --- [restartedMain] com.mbti.BackendApplication              : Starting BackendApplication using Java 21.0.8 with PID 23336 (E:\project\MBTI\backend\build\classes\java\main started by TJ in E:\project\MBTI\backend)
2026-01-08 13:06:18.023  INFO 23336 --- [restartedMain] com.mbti.BackendApplication              : No active profile set, falling back to 1 default profile: "default"
2026-01-08 13:06:18.088  INFO 23336 --- [restartedMain] .e.DevToolsPropertyDefaultsPostProcessor : Devtools property defaults active! Set 'spring.devtools.add-properties' to 'false' to disable
2026-01-08 13:06:18.088  INFO 23336 --- [restartedMain] .e.DevToolsPropertyDefaultsPostProcessor : For additional web related logging consider setting the 'logging.level.web' property to 'DEBUG'
2026-01-08 13:06:19.818  INFO 23336 --- [restartedMain] o.s.b.w.embedded.tomcat.TomcatWebServer  : Tomcat initialized with port 8080 (http)
2026-01-08 13:06:19.830  INFO 23336 --- [restartedMain] o.apache.catalina.core.StandardService   : Starting service [Tomcat]
2026-01-08 13:06:19.830  INFO 23336 --- [restartedMain] o.apache.catalina.core.StandardEngine    : Starting Servlet engine: [Apache Tomcat/10.1.17]
2026-01-08 13:06:19.887  INFO 23336 --- [restartedMain] o.a.c.c.C.[Tomcat].[localhost].[/]       : Initializing Spring embedded WebApplicationContext
2026-01-08 13:06:19.887  INFO 23336 --- [restartedMain] w.s.c.ServletWebServerApplicationContext : Root WebApplicationContext: initialization completed in 1798 ms
2026-01-08 13:06:19.990  INFO 23336 --- [restartedMain] com.zaxxer.hikari.HikariDataSource       : HikariPool-1 - Starting...
2026-01-08 13:06:20.207  INFO 23336 --- [restartedMain] com.zaxxer.hikari.pool.HikariPool        : HikariPool-1 - Added connection org.postgresql.jdbc.PgConnection@458d21a0
2026-01-08 13:06:20.209  INFO 23336 --- [restartedMain] com.zaxxer.hikari.HikariDataSource       : HikariPool-1 - Start completed.
2026-01-08 13:06:21.384  INFO 23336 --- [restartedMain] o.s.b.d.a.OptionalLiveReloadServer       : LiveReload server is running on port 35729
2026-01-08 13:06:21.421  INFO 23336 --- [restartedMain] o.s.b.w.embedded.tomcat.TomcatWebServer  : Tomcat started on port 8080 (http) with context path ''
2026-01-08 13:06:21.428  INFO 23336 --- [restartedMain] com.mbti.BackendApplication              : Started BackendApplication in 4.039 seconds (process running for 5.218)
2026-01-08 13:06:23.182  INFO 23336 --- [http-nio-8080-exec-1] o.a.c.c.C.[Tomcat].[localhost].[/]       : Initializing Spring DispatcherServlet 'dispatcherServlet'
2026-01-08 13:06:23.183  INFO 23336 --- [http-nio-8080-exec-1] o.s.web.servlet.DispatcherServlet        : Initializing Servlet 'dispatcherServlet'
2026-01-08 13:06:23.184  INFO 23336 --- [http-nio-8080-exec-1] o.s.web.servlet.DispatcherServlet        : Completed initialization in 1 ms
2026-01-08 13:06:23.358  INFO 23336 --- [http-nio-8080-exec-1] com.mbti.common.aop.LoggingAspect        : [UserController.login()] 요청 / ip : 127.0.0.1
2026-01-08 13:06:23.362  INFO 23336 --- [http-nio-8080-exec-1] c.mbti.user.controller.UserController    : POST /api/users/login - User: 홍길동
2026-01-08 13:06:23.374  INFO 23336 --- [http-nio-8080-exec-1] com.mbti.common.aop.LoggingAspect        : ========== UserServiceImpl.login() 서비스 호출 ==========
2026-01-08 13:06:23.375  INFO 23336 --- [http-nio-8080-exec-1] com.mbti.common.aop.LoggingAspect        : Parameter : [홍길동]
2026-01-08 13:06:23.379  INFO 23336 --- [http-nio-8080-exec-1] com.mbti.user.service.UserServiceImpl    : Login attempt for user: 홍길동
2026-01-08 13:06:23.471  INFO 23336 --- [http-nio-8080-exec-1] com.mbti.user.service.UserServiceImpl    : Existing user logged in: 홍길동
2026-01-08 13:06:23.472  INFO 23336 --- [http-nio-8080-exec-1] com.mbti.common.aop.LoggingAspect        : Running Time : 97ms
2026-01-08 13:06:23.472  INFO 23336 --- [http-nio-8080-exec-1] com.mbti.common.aop.LoggingAspect        : ===================================================================================
2026-01-08 13:09:16.700  INFO 23336 --- [File Watcher] rtingClassPathChangeChangedEventListener : Restarting due to 27 class path changes (0 additions, 27 deletions, 0 modifications)
2026-01-08 13:09:16.708  INFO 23336 --- [Thread-5] com.zaxxer.hikari.HikariDataSource       : HikariPool-1 - Shutdown initiated...
2026-01-08 13:09:16.715  INFO 23336 --- [Thread-5] com.zaxxer.hikari.HikariDataSource       : HikariPool-1 - Shutdown completed.
2026-01-08 13:09:16.793  INFO 23336 --- [restartedMain] com.mbti.BackendApplication              : Starting BackendApplication using Java 21.0.8 with PID 23336 (E:\project\MBTI\backend\build\classes\java\main started by TJ in E:\project\MBTI\backend)
2026-01-08 13:09:16.794  INFO 23336 --- [restartedMain] com.mbti.BackendApplication              : No active profile set, falling back to 1 default profile: "default"
2026-01-08 13:09:17.012  WARN 23336 --- [restartedMain] o.m.s.mapper.ClassPathMapperScanner      : No MyBatis mapper was found in '[com.mbti]' package. Please check your configuration.
2026-01-08 13:09:17.064  INFO 23336 --- [restartedMain] o.s.b.w.embedded.tomcat.TomcatWebServer  : Tomcat initialized with port 8080 (http)
2026-01-08 13:09:17.065  INFO 23336 --- [restartedMain] o.apache.catalina.core.StandardService   : Starting service [Tomcat]
2026-01-08 13:09:17.065  INFO 23336 --- [restartedMain] o.apache.catalina.core.StandardEngine    : Starting Servlet engine: [Apache Tomcat/10.1.17]
2026-01-08 13:09:17.088  INFO 23336 --- [restartedMain] o.a.c.c.C.[Tomcat].[localhost].[/]       : Initializing Spring embedded WebApplicationContext
2026-01-08 13:09:17.088  INFO 23336 --- [restartedMain] w.s.c.ServletWebServerApplicationContext : Root WebApplicationContext: initialization completed in 292 ms
2026-01-08 13:09:17.164  WARN 23336 --- [restartedMain] ConfigServletWebServerApplicationContext : Exception encountered during context initialization - cancelling refresh attempt: org.springframework.beans.factory.BeanCreationException: Error creating bean with name 'dataSource' defined in class path resource [org/springframework/boot/autoconfigure/jdbc/DataSourceConfiguration$Hikari.class]: Failed to instantiate [com.zaxxer.hikari.HikariDataSource]: Factory method 'dataSource' threw exception with message: Failed to determine a suitable driver class
2026-01-08 13:09:17.165  INFO 23336 --- [restartedMain] o.apache.catalina.core.StandardService   : Stopping service [Tomcat]
2026-01-08 13:09:17.170  INFO 23336 --- [restartedMain] .s.b.a.l.ConditionEvaluationReportLogger : 

Error starting ApplicationContext. To display the condition evaluation report re-run your application with 'debug' enabled.
2026-01-08 13:09:17.190 ERROR 23336 --- [restartedMain] o.s.b.d.LoggingFailureAnalysisReporter   : 

***************************
APPLICATION FAILED TO START
***************************

Description:

Failed to configure a DataSource: 'url' attribute is not specified and no embedded datasource could be configured.

Reason: Failed to determine a suitable driver class


Action:

Consider the following:
	If you want an embedded database (H2, HSQL or Derby), please put it on the classpath.
	If you have database settings to be loaded from a particular profile you may need to activate it (no profiles are currently active).

2026-01-08 13:09:19.679  INFO 23336 --- [restartedMain] com.mbti.BackendApplication              : Starting BackendApplication using Java 21.0.8 with PID 23336 (E:\project\MBTI\backend\build\classes\java\main started by TJ in E:\project\MBTI\backend)
2026-01-08 13:09:19.679  INFO 23336 --- [restartedMain] com.mbti.BackendApplication              : No active profile set, falling back to 1 default profile: "default"
2026-01-08 13:09:20.048  INFO 23336 --- [restartedMain] o.s.b.w.embedded.tomcat.TomcatWebServer  : Tomcat initialized with port 8080 (http)
2026-01-08 13:09:20.048  INFO 23336 --- [restartedMain] o.apache.catalina.core.StandardService   : Starting service [Tomcat]
2026-01-08 13:09:20.049  INFO 23336 --- [restartedMain] o.apache.catalina.core.StandardEngine    : Starting Servlet engine: [Apache Tomcat/10.1.17]
2026-01-08 13:09:20.070  INFO 23336 --- [restartedMain] o.a.c.c.C.[Tomcat-1].[localhost].[/]     : Initializing Spring embedded WebApplicationContext
2026-01-08 13:09:20.070  INFO 23336 --- [restartedMain] w.s.c.ServletWebServerApplicationContext : Root WebApplicationContext: initialization completed in 389 ms
2026-01-08 13:09:20.111  INFO 23336 --- [restartedMain] com.zaxxer.hikari.HikariDataSource       : HikariPool-2 - Starting...
2026-01-08 13:09:20.189  INFO 23336 --- [restartedMain] com.zaxxer.hikari.pool.HikariPool        : HikariPool-2 - Added connection org.postgresql.jdbc.PgConnection@59f47852
2026-01-08 13:09:20.190  INFO 23336 --- [restartedMain] com.zaxxer.hikari.HikariDataSource       : HikariPool-2 - Start completed.
2026-01-08 13:09:20.810  INFO 23336 --- [restartedMain] o.s.b.d.a.OptionalLiveReloadServer       : LiveReload server is running on port 35729
2026-01-08 13:09:20.824  INFO 23336 --- [restartedMain] o.s.b.w.embedded.tomcat.TomcatWebServer  : Tomcat started on port 8080 (http) with context path ''
2026-01-08 13:09:20.828  INFO 23336 --- [restartedMain] com.mbti.BackendApplication              : Started BackendApplication in 1.177 seconds (process running for 184.619)
2026-01-08 13:09:20.830  INFO 23336 --- [restartedMain] .ConditionEvaluationDeltaLoggingListener : Condition evaluation unchanged
2026-01-08 13:09:47.576  INFO 23336 --- [File Watcher] rtingClassPathChangeChangedEventListener : Restarting due to 2 class path changes (0 additions, 2 deletions, 0 modifications)
2026-01-08 13:09:47.605  INFO 23336 --- [Thread-7] com.zaxxer.hikari.HikariDataSource       : HikariPool-2 - Shutdown initiated...
2026-01-08 13:09:47.705  INFO 23336 --- [Thread-7] com.zaxxer.hikari.HikariDataSource       : HikariPool-2 - Shutdown completed.
2026-01-08 13:09:47.841  INFO 23336 --- [restartedMain] com.mbti.BackendApplication              : Starting BackendApplication using Java 21.0.8 with PID 23336 (E:\project\MBTI\backend\build\classes\java\main started by TJ in E:\project\MBTI\backend)
2026-01-08 13:09:47.841  INFO 23336 --- [restartedMain] com.mbti.BackendApplication              : No active profile set, falling back to 1 default profile: "default"
2026-01-08 13:09:49.068  INFO 23336 --- [restartedMain] o.s.b.w.embedded.tomcat.TomcatWebServer  : Tomcat initialized with port 8080 (http)
2026-01-08 13:09:49.069  INFO 23336 --- [restartedMain] o.apache.catalina.core.StandardService   : Starting service [Tomcat]
2026-01-08 13:09:49.069  INFO 23336 --- [restartedMain] o.apache.catalina.core.StandardEngine    : Starting Servlet engine: [Apache Tomcat/10.1.17]
2026-01-08 13:09:49.124  INFO 23336 --- [restartedMain] o.a.c.c.C.[Tomcat-1].[localhost].[/]     : Initializing Spring embedded WebApplicationContext
2026-01-08 13:09:49.125  INFO 23336 --- [restartedMain] w.s.c.ServletWebServerApplicationContext : Root WebApplicationContext: initialization completed in 1282 ms
2026-01-08 13:09:49.196  INFO 23336 --- [restartedMain] com.zaxxer.hikari.HikariDataSource       : HikariPool-3 - Starting...
2026-01-08 13:09:49.348  INFO 23336 --- [restartedMain] com.zaxxer.hikari.pool.HikariPool        : HikariPool-3 - Added connection org.postgresql.jdbc.PgConnection@1b41cccf
2026-01-08 13:09:49.348  INFO 23336 --- [restartedMain] com.zaxxer.hikari.HikariDataSource       : HikariPool-3 - Start completed.
2026-01-08 13:09:50.357  INFO 23336 --- [restartedMain] o.s.b.d.a.OptionalLiveReloadServer       : LiveReload server is running on port 35729
2026-01-08 13:09:50.375  INFO 23336 --- [restartedMain] o.s.b.w.embedded.tomcat.TomcatWebServer  : Tomcat started on port 8080 (http) with context path ''
2026-01-08 13:09:50.378  INFO 23336 --- [restartedMain] com.mbti.BackendApplication              : Started BackendApplication in 2.592 seconds (process running for 214.169)
2026-01-08 13:09:50.379  INFO 23336 --- [restartedMain] .ConditionEvaluationDeltaLoggingListener : Condition evaluation unchanged
2026-01-08 13:09:50.553  INFO 17644 --- [restartedMain] com.mbti.BackendApplication              : Starting BackendApplication using Java 21.0.8 with PID 17644 (E:\project\MBTI\backend\build\classes\java\main started by TJ in E:\project\MBTI\backend)
2026-01-08 13:09:50.555  INFO 17644 --- [restartedMain] com.mbti.BackendApplication              : No active profile set, falling back to 1 default profile: "default"
2026-01-08 13:09:50.623  INFO 17644 --- [restartedMain] .e.DevToolsPropertyDefaultsPostProcessor : Devtools property defaults active! Set 'spring.devtools.add-properties' to 'false' to disable
2026-01-08 13:09:50.624  INFO 17644 --- [restartedMain] .e.DevToolsPropertyDefaultsPostProcessor : For additional web related logging consider setting the 'logging.level.web' property to 'DEBUG'
2026-01-08 13:09:52.815  INFO 17644 --- [restartedMain] o.s.b.w.embedded.tomcat.TomcatWebServer  : Tomcat initialized with port 8080 (http)
2026-01-08 13:09:52.828  INFO 17644 --- [restartedMain] o.apache.catalina.core.StandardService   : Starting service [Tomcat]
2026-01-08 13:09:52.828  INFO 17644 --- [restartedMain] o.apache.catalina.core.StandardEngine    : Starting Servlet engine: [Apache Tomcat/10.1.17]
2026-01-08 13:09:52.886  INFO 17644 --- [restartedMain] o.a.c.c.C.[Tomcat].[localhost].[/]       : Initializing Spring embedded WebApplicationContext
2026-01-08 13:09:52.886  INFO 17644 --- [restartedMain] w.s.c.ServletWebServerApplicationContext : Root WebApplicationContext: initialization completed in 2261 ms
2026-01-08 13:09:52.994  INFO 17644 --- [restartedMain] com.zaxxer.hikari.HikariDataSource       : HikariPool-1 - Starting...
2026-01-08 13:09:53.256  INFO 17644 --- [restartedMain] com.zaxxer.hikari.pool.HikariPool        : HikariPool-1 - Added connection org.postgresql.jdbc.PgConnection@73aeaada
2026-01-08 13:09:53.257  INFO 17644 --- [restartedMain] com.zaxxer.hikari.HikariDataSource       : HikariPool-1 - Start completed.
2026-01-08 13:09:54.457  WARN 17644 --- [restartedMain] o.s.b.d.a.OptionalLiveReloadServer       : Unable to start LiveReload server
2026-01-08 13:09:54.482  WARN 17644 --- [restartedMain] ConfigServletWebServerApplicationContext : Exception encountered during context initialization - cancelling refresh attempt: org.springframework.context.ApplicationContextException: Failed to start bean 'webServerStartStop'
2026-01-08 13:09:54.484  INFO 17644 --- [restartedMain] com.zaxxer.hikari.HikariDataSource       : HikariPool-1 - Shutdown initiated...
2026-01-08 13:09:54.492  INFO 17644 --- [restartedMain] com.zaxxer.hikari.HikariDataSource       : HikariPool-1 - Shutdown completed.
2026-01-08 13:09:54.504  INFO 17644 --- [restartedMain] .s.b.a.l.ConditionEvaluationReportLogger : 

Error starting ApplicationContext. To display the condition evaluation report re-run your application with 'debug' enabled.
2026-01-08 13:09:54.529 ERROR 17644 --- [restartedMain] o.s.b.d.LoggingFailureAnalysisReporter   : 

***************************
APPLICATION FAILED TO START
***************************

Description:

Web server failed to start. Port 8080 was already in use.

Action:

Identify and stop the process that's listening on port 8080 or configure this application to listen on another port.

2026-01-08 13:09:57.982  INFO 23336 --- [File Watcher] rtingClassPathChangeChangedEventListener : Restarting due to 2 class path changes (0 additions, 2 deletions, 0 modifications)
2026-01-08 13:09:57.986  INFO 23336 --- [Thread-14] com.zaxxer.hikari.HikariDataSource       : HikariPool-3 - Shutdown initiated...
2026-01-08 13:09:57.992  INFO 23336 --- [Thread-14] com.zaxxer.hikari.HikariDataSource       : HikariPool-3 - Shutdown completed.
2026-01-08 13:09:58.070  INFO 23336 --- [restartedMain] com.mbti.BackendApplication              : Starting BackendApplication using Java 21.0.8 with PID 23336 (E:\project\MBTI\backend\build\classes\java\main started by TJ in E:\project\MBTI\backend)
2026-01-08 13:09:58.070  INFO 23336 --- [restartedMain] com.mbti.BackendApplication              : No active profile set, falling back to 1 default profile: "default"
2026-01-08 13:09:58.506  INFO 23336 --- [restartedMain] o.s.b.w.embedded.tomcat.TomcatWebServer  : Tomcat initialized with port 8080 (http)
2026-01-08 13:09:58.507  INFO 23336 --- [restartedMain] o.apache.catalina.core.StandardService   : Starting service [Tomcat]
2026-01-08 13:09:58.507  INFO 23336 --- [restartedMain] o.apache.catalina.core.StandardEngine    : Starting Servlet engine: [Apache Tomcat/10.1.17]
2026-01-08 13:09:58.527  INFO 23336 --- [restartedMain] o.a.c.c.C.[Tomcat-1].[localhost].[/]     : Initializing Spring embedded WebApplicationContext
2026-01-08 13:09:58.528  INFO 23336 --- [restartedMain] w.s.c.ServletWebServerApplicationContext : Root WebApplicationContext: initialization completed in 455 ms
2026-01-08 13:09:58.563  INFO 23336 --- [restartedMain] com.zaxxer.hikari.HikariDataSource       : HikariPool-4 - Starting...
2026-01-08 13:09:58.635  INFO 23336 --- [restartedMain] com.zaxxer.hikari.pool.HikariPool        : HikariPool-4 - Added connection org.postgresql.jdbc.PgConnection@3c29dfd5
2026-01-08 13:09:58.635  INFO 23336 --- [restartedMain] com.zaxxer.hikari.HikariDataSource       : HikariPool-4 - Start completed.
2026-01-08 13:09:59.262  INFO 23336 --- [restartedMain] o.s.b.d.a.OptionalLiveReloadServer       : LiveReload server is running on port 35729
2026-01-08 13:09:59.279  INFO 23336 --- [restartedMain] o.s.b.w.embedded.tomcat.TomcatWebServer  : Tomcat started on port 8080 (http) with context path ''
2026-01-08 13:09:59.283  INFO 23336 --- [restartedMain] com.mbti.BackendApplication              : Started BackendApplication in 1.243 seconds (process running for 223.074)
2026-01-08 13:09:59.285  INFO 23336 --- [restartedMain] .ConditionEvaluationDeltaLoggingListener : Condition evaluation unchanged
2026-01-08 13:10:00.684  INFO 23336 --- [File Watcher] rtingClassPathChangeChangedEventListener : Restarting due to 2 class path changes (2 additions, 0 deletions, 0 modifications)
2026-01-08 13:10:00.688  INFO 23336 --- [Thread-18] com.zaxxer.hikari.HikariDataSource       : HikariPool-4 - Shutdown initiated...
2026-01-08 13:10:00.695  INFO 23336 --- [Thread-18] com.zaxxer.hikari.HikariDataSource       : HikariPool-4 - Shutdown completed.
2026-01-08 13:10:00.778  INFO 23336 --- [restartedMain] com.mbti.BackendApplication              : Starting BackendApplication using Java 21.0.8 with PID 23336 (E:\project\MBTI\backend\build\classes\java\main started by TJ in E:\project\MBTI\backend)
2026-01-08 13:10:00.778  INFO 23336 --- [restartedMain] com.mbti.BackendApplication              : No active profile set, falling back to 1 default profile: "default"
2026-01-08 13:10:01.167  INFO 23336 --- [restartedMain] o.s.b.w.embedded.tomcat.TomcatWebServer  : Tomcat initialized with port 8080 (http)
2026-01-08 13:10:01.168  INFO 23336 --- [restartedMain] o.apache.catalina.core.StandardService   : Starting service [Tomcat]
2026-01-08 13:10:01.168  INFO 23336 --- [restartedMain] o.apache.catalina.core.StandardEngine    : Starting Servlet engine: [Apache Tomcat/10.1.17]
2026-01-08 13:10:01.189  INFO 23336 --- [restartedMain] o.a.c.c.C.[Tomcat-1].[localhost].[/]     : Initializing Spring embedded WebApplicationContext
2026-01-08 13:10:01.189  INFO 23336 --- [restartedMain] w.s.c.ServletWebServerApplicationContext : Root WebApplicationContext: initialization completed in 406 ms
2026-01-08 13:10:01.228  INFO 23336 --- [restartedMain] com.zaxxer.hikari.HikariDataSource       : HikariPool-5 - Starting...
2026-01-08 13:10:01.302  INFO 23336 --- [restartedMain] com.zaxxer.hikari.pool.HikariPool        : HikariPool-5 - Added connection org.postgresql.jdbc.PgConnection@6d0a2730
2026-01-08 13:10:01.302  INFO 23336 --- [restartedMain] com.zaxxer.hikari.HikariDataSource       : HikariPool-5 - Start completed.
2026-01-08 13:10:02.169  INFO 23336 --- [restartedMain] o.s.b.d.a.OptionalLiveReloadServer       : LiveReload server is running on port 35729
2026-01-08 13:10:02.194  INFO 23336 --- [restartedMain] o.s.b.w.embedded.tomcat.TomcatWebServer  : Tomcat started on port 8080 (http) with context path ''
2026-01-08 13:10:02.198  INFO 23336 --- [restartedMain] com.mbti.BackendApplication              : Started BackendApplication in 1.451 seconds (process running for 225.989)
2026-01-08 13:10:02.199  INFO 23336 --- [restartedMain] .ConditionEvaluationDeltaLoggingListener : Condition evaluation unchanged
