2025-12-31 09:34:06.000  INFO 18700 --- [restartedMain] com.mbti.BackendApplication              : Starting BackendApplication using Java 21.0.8 with PID 18700 (E:\project\MBTI\backend\build\classes\java\main started by TJ in E:\project\MBTI\backend)
2025-12-31 09:34:06.002  INFO 18700 --- [restartedMain] com.mbti.BackendApplication              : No active profile set, falling back to 1 default profile: "default"
2025-12-31 09:34:06.068  INFO 18700 --- [restartedMain] .e.DevToolsPropertyDefaultsPostProcessor : Devtools property defaults active! Set 'spring.devtools.add-properties' to 'false' to disable
2025-12-31 09:34:06.097  INFO 18700 --- [restartedMain] .e.DevToolsPropertyDefaultsPostProcessor : For additional web related logging consider setting the 'logging.level.web' property to 'DEBUG'
2025-12-31 09:34:11.579  INFO 18700 --- [restartedMain] o.s.b.w.embedded.tomcat.TomcatWebServer  : Tomcat initialized with port 8080 (http)
2025-12-31 09:34:11.598  INFO 18700 --- [restartedMain] o.apache.catalina.core.StandardService   : Starting service [Tomcat]
2025-12-31 09:34:11.598  INFO 18700 --- [restartedMain] o.apache.catalina.core.StandardEngine    : Starting Servlet engine: [Apache Tomcat/10.1.17]
2025-12-31 09:34:11.718  INFO 18700 --- [restartedMain] o.a.c.c.C.[Tomcat].[localhost].[/]       : Initializing Spring embedded WebApplicationContext
2025-12-31 09:34:11.718  INFO 18700 --- [restartedMain] w.s.c.ServletWebServerApplicationContext : Root WebApplicationContext: initialization completed in 5620 ms
2025-12-31 09:34:11.977  INFO 18700 --- [restartedMain] com.zaxxer.hikari.HikariDataSource       : HikariPool-1 - Starting...
2025-12-31 09:34:13.726  INFO 18700 --- [restartedMain] com.zaxxer.hikari.pool.HikariPool        : HikariPool-1 - Added connection org.postgresql.jdbc.PgConnection@183db453
2025-12-31 09:34:13.727  INFO 18700 --- [restartedMain] com.zaxxer.hikari.HikariDataSource       : HikariPool-1 - Start completed.
2025-12-31 09:34:15.473  INFO 18700 --- [restartedMain] o.s.b.d.a.OptionalLiveReloadServer       : LiveReload server is running on port 35729
2025-12-31 09:34:15.539  INFO 18700 --- [restartedMain] o.s.b.w.embedded.tomcat.TomcatWebServer  : Tomcat started on port 8080 (http) with context path ''
2025-12-31 09:34:15.550  INFO 18700 --- [restartedMain] com.mbti.BackendApplication              : Started BackendApplication in 10.503 seconds (process running for 12.668)
2025-12-31 10:06:14.704  INFO 18700 --- [File Watcher] rtingClassPathChangeChangedEventListener : Restarting due to 17 class path changes (0 additions, 17 deletions, 0 modifications)
2025-12-31 10:06:14.714  INFO 18700 --- [Thread-5] com.zaxxer.hikari.HikariDataSource       : HikariPool-1 - Shutdown initiated...
2025-12-31 10:06:14.722  INFO 18700 --- [Thread-5] com.zaxxer.hikari.HikariDataSource       : HikariPool-1 - Shutdown completed.
2025-12-31 10:06:14.827  INFO 18700 --- [restartedMain] com.mbti.BackendApplication              : Starting BackendApplication using Java 21.0.8 with PID 18700 (E:\project\MBTI\backend\build\classes\java\main started by TJ in E:\project\MBTI\backend)
2025-12-31 10:06:14.827  INFO 18700 --- [restartedMain] com.mbti.BackendApplication              : No active profile set, falling back to 1 default profile: "default"
2025-12-31 10:06:15.131  WARN 18700 --- [restartedMain] o.m.s.mapper.ClassPathMapperScanner      : No MyBatis mapper was found in '[com.mbti]' package. Please check your configuration.
2025-12-31 10:06:15.197  INFO 18700 --- [restartedMain] o.s.b.w.embedded.tomcat.TomcatWebServer  : Tomcat initialized with port 8080 (http)
2025-12-31 10:06:15.198  INFO 18700 --- [restartedMain] o.apache.catalina.core.StandardService   : Starting service [Tomcat]
2025-12-31 10:06:15.199  INFO 18700 --- [restartedMain] o.apache.catalina.core.StandardEngine    : Starting Servlet engine: [Apache Tomcat/10.1.17]
2025-12-31 10:06:15.221  INFO 18700 --- [restartedMain] o.a.c.c.C.[Tomcat].[localhost].[/]       : Initializing Spring embedded WebApplicationContext
2025-12-31 10:06:15.221  INFO 18700 --- [restartedMain] w.s.c.ServletWebServerApplicationContext : Root WebApplicationContext: initialization completed in 391 ms
2025-12-31 10:06:15.325  WARN 18700 --- [restartedMain] ConfigServletWebServerApplicationContext : Exception encountered during context initialization - cancelling refresh attempt: org.springframework.beans.factory.BeanCreationException: Error creating bean with name 'dataSource' defined in class path resource [org/springframework/boot/autoconfigure/jdbc/DataSourceConfiguration$Hikari.class]: Failed to instantiate [com.zaxxer.hikari.HikariDataSource]: Factory method 'dataSource' threw exception with message: Failed to determine a suitable driver class
2025-12-31 10:06:15.326  INFO 18700 --- [restartedMain] o.apache.catalina.core.StandardService   : Stopping service [Tomcat]
2025-12-31 10:06:15.332  INFO 18700 --- [restartedMain] .s.b.a.l.ConditionEvaluationReportLogger : 

Error starting ApplicationContext. To display the condition evaluation report re-run your application with 'debug' enabled.
2025-12-31 10:06:15.367 ERROR 18700 --- [restartedMain] o.s.b.d.LoggingFailureAnalysisReporter   : 

***************************
APPLICATION FAILED TO START
***************************

Description:

Failed to configure a DataSource: 'url' attribute is not specified and no embedded datasource could be configured.

Reason: Failed to determine a suitable driver class


Action:

Consider the following:
	If you want an embedded database (H2, HSQL or Derby), please put it on the classpath.
	If you have database settings to be loaded from a particular profile you may need to activate it (no profiles are currently active).

2025-12-31 10:06:19.701  INFO 18700 --- [restartedMain] com.mbti.BackendApplication              : Starting BackendApplication using Java 21.0.8 with PID 18700 (E:\project\MBTI\backend\build\classes\java\main started by TJ in E:\project\MBTI\backend)
2025-12-31 10:06:19.701  INFO 18700 --- [restartedMain] com.mbti.BackendApplication              : No active profile set, falling back to 1 default profile: "default"
2025-12-31 10:06:20.151  INFO 18700 --- [restartedMain] o.s.b.w.embedded.tomcat.TomcatWebServer  : Tomcat initialized with port 8080 (http)
2025-12-31 10:06:20.153  INFO 18700 --- [restartedMain] o.apache.catalina.core.StandardService   : Starting service [Tomcat]
2025-12-31 10:06:20.153  INFO 18700 --- [restartedMain] o.apache.catalina.core.StandardEngine    : Starting Servlet engine: [Apache Tomcat/10.1.17]
2025-12-31 10:06:20.180  INFO 18700 --- [restartedMain] o.a.c.c.C.[Tomcat-1].[localhost].[/]     : Initializing Spring embedded WebApplicationContext
2025-12-31 10:06:20.180  INFO 18700 --- [restartedMain] w.s.c.ServletWebServerApplicationContext : Root WebApplicationContext: initialization completed in 477 ms
2025-12-31 10:06:20.225  INFO 18700 --- [restartedMain] com.zaxxer.hikari.HikariDataSource       : HikariPool-2 - Starting...
2025-12-31 10:06:20.317  INFO 18700 --- [restartedMain] com.zaxxer.hikari.pool.HikariPool        : HikariPool-2 - Added connection org.postgresql.jdbc.PgConnection@2a317ca4
2025-12-31 10:06:20.317  INFO 18700 --- [restartedMain] com.zaxxer.hikari.HikariDataSource       : HikariPool-2 - Start completed.
2025-12-31 10:06:21.107  INFO 18700 --- [restartedMain] o.s.b.d.a.OptionalLiveReloadServer       : LiveReload server is running on port 35729
2025-12-31 10:06:21.127  INFO 18700 --- [restartedMain] o.s.b.w.embedded.tomcat.TomcatWebServer  : Tomcat started on port 8080 (http) with context path ''
2025-12-31 10:06:21.132  INFO 18700 --- [restartedMain] com.mbti.BackendApplication              : Started BackendApplication in 1.468 seconds (process running for 1938.486)
2025-12-31 10:06:21.134  INFO 18700 --- [restartedMain] .ConditionEvaluationDeltaLoggingListener : Condition evaluation unchanged
2025-12-31 10:12:50.580  INFO 18700 --- [File Watcher] rtingClassPathChangeChangedEventListener : Restarting due to 17 class path changes (0 additions, 17 deletions, 0 modifications)
2025-12-31 10:12:50.584  INFO 18700 --- [Thread-7] com.zaxxer.hikari.HikariDataSource       : HikariPool-2 - Shutdown initiated...
2025-12-31 10:12:50.591  INFO 18700 --- [Thread-7] com.zaxxer.hikari.HikariDataSource       : HikariPool-2 - Shutdown completed.
2025-12-31 10:12:50.660  INFO 18700 --- [restartedMain] com.mbti.BackendApplication              : Starting BackendApplication using Java 21.0.8 with PID 18700 (E:\project\MBTI\backend\build\classes\java\main started by TJ in E:\project\MBTI\backend)
2025-12-31 10:12:50.660  INFO 18700 --- [restartedMain] com.mbti.BackendApplication              : No active profile set, falling back to 1 default profile: "default"
2025-12-31 10:12:50.847  WARN 18700 --- [restartedMain] o.m.s.mapper.ClassPathMapperScanner      : No MyBatis mapper was found in '[com.mbti]' package. Please check your configuration.
2025-12-31 10:12:50.850  WARN 18700 --- [restartedMain] ConfigServletWebServerApplicationContext : Exception encountered during context initialization - cancelling refresh attempt: java.lang.NullPointerException: Cannot read field "generatedClass" because "data" is null
2025-12-31 10:12:50.854  INFO 18700 --- [restartedMain] .s.b.a.l.ConditionEvaluationReportLogger : 

Error starting ApplicationContext. To display the condition evaluation report re-run your application with 'debug' enabled.
2025-12-31 10:12:50.858 ERROR 18700 --- [restartedMain] o.s.boot.SpringApplication               : Application run failed

java.lang.NullPointerException: Cannot read field "generatedClass" because "data" is null
	at org.springframework.cglib.proxy.Enhancer.nextInstance(Enhancer.java:783)
	at org.springframework.cglib.core.AbstractClassGenerator.create(AbstractClassGenerator.java:321)
	at org.springframework.cglib.proxy.Enhancer.createHelper(Enhancer.java:562)
	at org.springframework.cglib.proxy.Enhancer.createClass(Enhancer.java:407)
	at org.springframework.context.annotation.ConfigurationClassEnhancer.createClass(ConfigurationClassEnhancer.java:138)
	at org.springframework.context.annotation.ConfigurationClassEnhancer.enhance(ConfigurationClassEnhancer.java:109)
	at org.springframework.context.annotation.ConfigurationClassPostProcessor.enhanceConfigurationClasses(ConfigurationClassPostProcessor.java:533)
	at org.springframework.context.annotation.ConfigurationClassPostProcessor.postProcessBeanFactory(ConfigurationClassPostProcessor.java:310)
	at org.springframework.context.support.PostProcessorRegistrationDelegate.invokeBeanFactoryPostProcessors(PostProcessorRegistrationDelegate.java:363)
	at org.springframework.context.support.PostProcessorRegistrationDelegate.invokeBeanFactoryPostProcessors(PostProcessorRegistrationDelegate.java:153)
	at org.springframework.context.support.AbstractApplicationContext.invokeBeanFactoryPostProcessors(AbstractApplicationContext.java:789)
	at org.springframework.context.support.AbstractApplicationContext.refresh(AbstractApplicationContext.java:606)
	at org.springframework.boot.web.servlet.context.ServletWebServerApplicationContext.refresh(ServletWebServerApplicationContext.java:146)
	at org.springframework.boot.SpringApplication.refresh(SpringApplication.java:762)
	at org.springframework.boot.SpringApplication.refreshContext(SpringApplication.java:464)
	at org.springframework.boot.SpringApplication.run(SpringApplication.java:334)
	at org.springframework.boot.SpringApplication.run(SpringApplication.java:1358)
	at org.springframework.boot.SpringApplication.run(SpringApplication.java:1347)
	at com.mbti.BackendApplication.main(BackendApplication.java:10)
	at java.base/jdk.internal.reflect.DirectMethodHandleAccessor.invoke(DirectMethodHandleAccessor.java:103)
	at java.base/java.lang.reflect.Method.invoke(Method.java:580)
	at org.springframework.boot.devtools.restart.RestartLauncher.run(RestartLauncher.java:50)

2025-12-31 10:12:53.327  INFO 18700 --- [restartedMain] com.mbti.BackendApplication              : Starting BackendApplication using Java 21.0.8 with PID 18700 (E:\project\MBTI\backend\build\classes\java\main started by TJ in E:\project\MBTI\backend)
2025-12-31 10:12:53.327  INFO 18700 --- [restartedMain] com.mbti.BackendApplication              : No active profile set, falling back to 1 default profile: "default"
2025-12-31 10:12:53.689  INFO 18700 --- [restartedMain] o.s.b.w.embedded.tomcat.TomcatWebServer  : Tomcat initialized with port 8080 (http)
2025-12-31 10:12:53.690  INFO 18700 --- [restartedMain] o.apache.catalina.core.StandardService   : Starting service [Tomcat]
2025-12-31 10:12:53.690  INFO 18700 --- [restartedMain] o.apache.catalina.core.StandardEngine    : Starting Servlet engine: [Apache Tomcat/10.1.17]
2025-12-31 10:12:53.712  INFO 18700 --- [restartedMain] o.a.c.c.C.[Tomcat-1].[localhost].[/]     : Initializing Spring embedded WebApplicationContext
2025-12-31 10:12:53.712  INFO 18700 --- [restartedMain] w.s.c.ServletWebServerApplicationContext : Root WebApplicationContext: initialization completed in 382 ms
2025-12-31 10:12:53.750  INFO 18700 --- [restartedMain] com.zaxxer.hikari.HikariDataSource       : HikariPool-3 - Starting...
2025-12-31 10:12:53.829  INFO 18700 --- [restartedMain] com.zaxxer.hikari.pool.HikariPool        : HikariPool-3 - Added connection org.postgresql.jdbc.PgConnection@517b4020
2025-12-31 10:12:53.829  INFO 18700 --- [restartedMain] com.zaxxer.hikari.HikariDataSource       : HikariPool-3 - Start completed.
2025-12-31 10:12:54.387  INFO 18700 --- [restartedMain] o.s.b.d.a.OptionalLiveReloadServer       : LiveReload server is running on port 35729
2025-12-31 10:12:54.400  INFO 18700 --- [restartedMain] o.s.b.w.embedded.tomcat.TomcatWebServer  : Tomcat started on port 8080 (http) with context path ''
2025-12-31 10:12:54.403  INFO 18700 --- [restartedMain] com.mbti.BackendApplication              : Started BackendApplication in 1.103 seconds (process running for 2331.804)
2025-12-31 10:12:54.404  INFO 18700 --- [restartedMain] .ConditionEvaluationDeltaLoggingListener : Condition evaluation unchanged
2025-12-31 10:24:40.855  INFO 18700 --- [File Watcher] rtingClassPathChangeChangedEventListener : Restarting due to 17 class path changes (0 additions, 17 deletions, 0 modifications)
2025-12-31 10:24:40.859  INFO 18700 --- [Thread-14] com.zaxxer.hikari.HikariDataSource       : HikariPool-3 - Shutdown initiated...
2025-12-31 10:24:40.867  INFO 18700 --- [Thread-14] com.zaxxer.hikari.HikariDataSource       : HikariPool-3 - Shutdown completed.
2025-12-31 10:24:40.940  INFO 18700 --- [restartedMain] com.mbti.BackendApplication              : Starting BackendApplication using Java 21.0.8 with PID 18700 (E:\project\MBTI\backend\build\classes\java\main started by TJ in E:\project\MBTI\backend)
2025-12-31 10:24:40.940  INFO 18700 --- [restartedMain] com.mbti.BackendApplication              : No active profile set, falling back to 1 default profile: "default"
2025-12-31 10:24:41.125  WARN 18700 --- [restartedMain] o.m.s.mapper.ClassPathMapperScanner      : No MyBatis mapper was found in '[com.mbti]' package. Please check your configuration.
2025-12-31 10:24:41.126  WARN 18700 --- [restartedMain] ConfigServletWebServerApplicationContext : Exception encountered during context initialization - cancelling refresh attempt: java.lang.NullPointerException: Cannot read field "generatedClass" because "data" is null
2025-12-31 10:24:41.129  INFO 18700 --- [restartedMain] .s.b.a.l.ConditionEvaluationReportLogger : 

Error starting ApplicationContext. To display the condition evaluation report re-run your application with 'debug' enabled.
2025-12-31 10:24:41.133 ERROR 18700 --- [restartedMain] o.s.boot.SpringApplication               : Application run failed

java.lang.NullPointerException: Cannot read field "generatedClass" because "data" is null
	at org.springframework.cglib.proxy.Enhancer.nextInstance(Enhancer.java:783)
	at org.springframework.cglib.core.AbstractClassGenerator.create(AbstractClassGenerator.java:321)
	at org.springframework.cglib.proxy.Enhancer.createHelper(Enhancer.java:562)
	at org.springframework.cglib.proxy.Enhancer.createClass(Enhancer.java:407)
	at org.springframework.context.annotation.ConfigurationClassEnhancer.createClass(ConfigurationClassEnhancer.java:138)
	at org.springframework.context.annotation.ConfigurationClassEnhancer.enhance(ConfigurationClassEnhancer.java:109)
	at org.springframework.context.annotation.ConfigurationClassPostProcessor.enhanceConfigurationClasses(ConfigurationClassPostProcessor.java:533)
	at org.springframework.context.annotation.ConfigurationClassPostProcessor.postProcessBeanFactory(ConfigurationClassPostProcessor.java:310)
	at org.springframework.context.support.PostProcessorRegistrationDelegate.invokeBeanFactoryPostProcessors(PostProcessorRegistrationDelegate.java:363)
	at org.springframework.context.support.PostProcessorRegistrationDelegate.invokeBeanFactoryPostProcessors(PostProcessorRegistrationDelegate.java:153)
	at org.springframework.context.support.AbstractApplicationContext.invokeBeanFactoryPostProcessors(AbstractApplicationContext.java:789)
	at org.springframework.context.support.AbstractApplicationContext.refresh(AbstractApplicationContext.java:606)
	at org.springframework.boot.web.servlet.context.ServletWebServerApplicationContext.refresh(ServletWebServerApplicationContext.java:146)
	at org.springframework.boot.SpringApplication.refresh(SpringApplication.java:762)
	at org.springframework.boot.SpringApplication.refreshContext(SpringApplication.java:464)
	at org.springframework.boot.SpringApplication.run(SpringApplication.java:334)
	at org.springframework.boot.SpringApplication.run(SpringApplication.java:1358)
	at org.springframework.boot.SpringApplication.run(SpringApplication.java:1347)
	at com.mbti.BackendApplication.main(BackendApplication.java:10)
	at java.base/jdk.internal.reflect.DirectMethodHandleAccessor.invoke(DirectMethodHandleAccessor.java:103)
	at java.base/java.lang.reflect.Method.invoke(Method.java:580)
	at org.springframework.boot.devtools.restart.RestartLauncher.run(RestartLauncher.java:50)

2025-12-31 10:24:43.604  INFO 18700 --- [restartedMain] com.mbti.BackendApplication              : Starting BackendApplication using Java 21.0.8 with PID 18700 (E:\project\MBTI\backend\build\classes\java\main started by TJ in E:\project\MBTI\backend)
2025-12-31 10:24:43.604  INFO 18700 --- [restartedMain] com.mbti.BackendApplication              : No active profile set, falling back to 1 default profile: "default"
2025-12-31 10:24:43.957  INFO 18700 --- [restartedMain] o.s.b.w.embedded.tomcat.TomcatWebServer  : Tomcat initialized with port 8080 (http)
2025-12-31 10:24:43.958  INFO 18700 --- [restartedMain] o.apache.catalina.core.StandardService   : Starting service [Tomcat]
2025-12-31 10:24:43.959  INFO 18700 --- [restartedMain] o.apache.catalina.core.StandardEngine    : Starting Servlet engine: [Apache Tomcat/10.1.17]
2025-12-31 10:24:43.979  INFO 18700 --- [restartedMain] o.a.c.c.C.[Tomcat-1].[localhost].[/]     : Initializing Spring embedded WebApplicationContext
2025-12-31 10:24:43.980  INFO 18700 --- [restartedMain] w.s.c.ServletWebServerApplicationContext : Root WebApplicationContext: initialization completed in 374 ms
2025-12-31 10:24:44.020  INFO 18700 --- [restartedMain] com.zaxxer.hikari.HikariDataSource       : HikariPool-4 - Starting...
2025-12-31 10:24:44.093  INFO 18700 --- [restartedMain] com.zaxxer.hikari.pool.HikariPool        : HikariPool-4 - Added connection org.postgresql.jdbc.PgConnection@4287952
2025-12-31 10:24:44.094  INFO 18700 --- [restartedMain] com.zaxxer.hikari.HikariDataSource       : HikariPool-4 - Start completed.
2025-12-31 10:24:44.678  INFO 18700 --- [restartedMain] o.s.b.d.a.OptionalLiveReloadServer       : LiveReload server is running on port 35729
2025-12-31 10:24:44.693  INFO 18700 --- [restartedMain] o.s.b.w.embedded.tomcat.TomcatWebServer  : Tomcat started on port 8080 (http) with context path ''
2025-12-31 10:24:44.698  INFO 18700 --- [restartedMain] com.mbti.BackendApplication              : Started BackendApplication in 1.119 seconds (process running for 3042.159)
2025-12-31 10:24:44.699  INFO 18700 --- [restartedMain] .ConditionEvaluationDeltaLoggingListener : Condition evaluation unchanged
2025-12-31 10:27:48.253  INFO 18700 --- [http-nio-8080-exec-1] o.a.c.c.C.[Tomcat-1].[localhost].[/]     : Initializing Spring DispatcherServlet 'dispatcherServlet'
2025-12-31 10:27:48.254  INFO 18700 --- [http-nio-8080-exec-1] o.s.web.servlet.DispatcherServlet        : Initializing Servlet 'dispatcherServlet'
2025-12-31 10:27:48.256  INFO 18700 --- [http-nio-8080-exec-1] o.s.web.servlet.DispatcherServlet        : Completed initialization in 1 ms
2025-12-31 10:27:48.372  INFO 18700 --- [http-nio-8080-exec-1] com.mbti.common.aop.LoggingAspect        : [MbtiController.getResultsByUserName()] 요청 / ip : 127.0.0.1
2025-12-31 10:27:48.372  INFO 18700 --- [http-nio-8080-exec-1] c.mbti.mbti.controller.MbtiController    : GET /api/mbti/results - Fetching results for user: 홍길동
2025-12-31 10:27:48.372  INFO 18700 --- [http-nio-8080-exec-1] com.mbti.common.aop.LoggingAspect        : ========== MbtiServiceImpl.getResultsByUserName() 서비스 호출 ==========
2025-12-31 10:27:48.373  INFO 18700 --- [http-nio-8080-exec-1] com.mbti.common.aop.LoggingAspect        : Parameter : [홍길동]
2025-12-31 10:27:48.373  INFO 18700 --- [http-nio-8080-exec-1] com.mbti.mbti.service.MbtiServiceImpl    : Fetching results for user: 홍길동
2025-12-31 10:27:48.452  INFO 18700 --- [http-nio-8080-exec-1] com.mbti.common.aop.LoggingAspect        : Running Time : 79ms
2025-12-31 10:27:48.453  INFO 18700 --- [http-nio-8080-exec-1] com.mbti.common.aop.LoggingAspect        : ===================================================================================
2025-12-31 10:29:27.521  INFO 18700 --- [File Watcher] rtingClassPathChangeChangedEventListener : Restarting due to 17 class path changes (0 additions, 17 deletions, 0 modifications)
2025-12-31 10:29:27.525  INFO 18700 --- [Thread-21] com.zaxxer.hikari.HikariDataSource       : HikariPool-4 - Shutdown initiated...
2025-12-31 10:29:27.531  INFO 18700 --- [Thread-21] com.zaxxer.hikari.HikariDataSource       : HikariPool-4 - Shutdown completed.
2025-12-31 10:29:27.602  INFO 18700 --- [restartedMain] com.mbti.BackendApplication              : Starting BackendApplication using Java 21.0.8 with PID 18700 (E:\project\MBTI\backend\build\classes\java\main started by TJ in E:\project\MBTI\backend)
2025-12-31 10:29:27.602  INFO 18700 --- [restartedMain] com.mbti.BackendApplication              : No active profile set, falling back to 1 default profile: "default"
2025-12-31 10:29:27.783  WARN 18700 --- [restartedMain] o.m.s.mapper.ClassPathMapperScanner      : No MyBatis mapper was found in '[com.mbti]' package. Please check your configuration.
2025-12-31 10:29:27.784  WARN 18700 --- [restartedMain] ConfigServletWebServerApplicationContext : Exception encountered during context initialization - cancelling refresh attempt: java.lang.NullPointerException: Cannot read field "generatedClass" because "data" is null
2025-12-31 10:29:27.787  INFO 18700 --- [restartedMain] .s.b.a.l.ConditionEvaluationReportLogger : 

Error starting ApplicationContext. To display the condition evaluation report re-run your application with 'debug' enabled.
2025-12-31 10:29:27.792 ERROR 18700 --- [restartedMain] o.s.boot.SpringApplication               : Application run failed

java.lang.NullPointerException: Cannot read field "generatedClass" because "data" is null
	at org.springframework.cglib.proxy.Enhancer.nextInstance(Enhancer.java:783)
	at org.springframework.cglib.core.AbstractClassGenerator.create(AbstractClassGenerator.java:321)
	at org.springframework.cglib.proxy.Enhancer.createHelper(Enhancer.java:562)
	at org.springframework.cglib.proxy.Enhancer.createClass(Enhancer.java:407)
	at org.springframework.context.annotation.ConfigurationClassEnhancer.createClass(ConfigurationClassEnhancer.java:138)
	at org.springframework.context.annotation.ConfigurationClassEnhancer.enhance(ConfigurationClassEnhancer.java:109)
	at org.springframework.context.annotation.ConfigurationClassPostProcessor.enhanceConfigurationClasses(ConfigurationClassPostProcessor.java:533)
	at org.springframework.context.annotation.ConfigurationClassPostProcessor.postProcessBeanFactory(ConfigurationClassPostProcessor.java:310)
	at org.springframework.context.support.PostProcessorRegistrationDelegate.invokeBeanFactoryPostProcessors(PostProcessorRegistrationDelegate.java:363)
	at org.springframework.context.support.PostProcessorRegistrationDelegate.invokeBeanFactoryPostProcessors(PostProcessorRegistrationDelegate.java:153)
	at org.springframework.context.support.AbstractApplicationContext.invokeBeanFactoryPostProcessors(AbstractApplicationContext.java:789)
	at org.springframework.context.support.AbstractApplicationContext.refresh(AbstractApplicationContext.java:606)
	at org.springframework.boot.web.servlet.context.ServletWebServerApplicationContext.refresh(ServletWebServerApplicationContext.java:146)
	at org.springframework.boot.SpringApplication.refresh(SpringApplication.java:762)
	at org.springframework.boot.SpringApplication.refreshContext(SpringApplication.java:464)
	at org.springframework.boot.SpringApplication.run(SpringApplication.java:334)
	at org.springframework.boot.SpringApplication.run(SpringApplication.java:1358)
	at org.springframework.boot.SpringApplication.run(SpringApplication.java:1347)
	at com.mbti.BackendApplication.main(BackendApplication.java:10)
	at java.base/jdk.internal.reflect.DirectMethodHandleAccessor.invoke(DirectMethodHandleAccessor.java:103)
	at java.base/java.lang.reflect.Method.invoke(Method.java:580)
	at org.springframework.boot.devtools.restart.RestartLauncher.run(RestartLauncher.java:50)

2025-12-31 10:29:30.280  INFO 18700 --- [restartedMain] com.mbti.BackendApplication              : Starting BackendApplication using Java 21.0.8 with PID 18700 (E:\project\MBTI\backend\build\classes\java\main started by TJ in E:\project\MBTI\backend)
2025-12-31 10:29:30.280  INFO 18700 --- [restartedMain] com.mbti.BackendApplication              : No active profile set, falling back to 1 default profile: "default"
2025-12-31 10:29:30.616  INFO 18700 --- [restartedMain] o.s.b.w.embedded.tomcat.TomcatWebServer  : Tomcat initialized with port 8080 (http)
2025-12-31 10:29:30.618  INFO 18700 --- [restartedMain] o.apache.catalina.core.StandardService   : Starting service [Tomcat]
2025-12-31 10:29:30.618  INFO 18700 --- [restartedMain] o.apache.catalina.core.StandardEngine    : Starting Servlet engine: [Apache Tomcat/10.1.17]
2025-12-31 10:29:30.638  INFO 18700 --- [restartedMain] o.a.c.c.C.[Tomcat-1].[localhost].[/]     : Initializing Spring embedded WebApplicationContext
2025-12-31 10:29:30.638  INFO 18700 --- [restartedMain] w.s.c.ServletWebServerApplicationContext : Root WebApplicationContext: initialization completed in 356 ms
2025-12-31 10:29:30.675  INFO 18700 --- [restartedMain] com.zaxxer.hikari.HikariDataSource       : HikariPool-5 - Starting...
2025-12-31 10:29:30.748  INFO 18700 --- [restartedMain] com.zaxxer.hikari.pool.HikariPool        : HikariPool-5 - Added connection org.postgresql.jdbc.PgConnection@c3c5f44
2025-12-31 10:29:30.748  INFO 18700 --- [restartedMain] com.zaxxer.hikari.HikariDataSource       : HikariPool-5 - Start completed.
2025-12-31 10:29:31.295  INFO 18700 --- [restartedMain] o.s.b.d.a.OptionalLiveReloadServer       : LiveReload server is running on port 35729
2025-12-31 10:29:31.308  INFO 18700 --- [restartedMain] o.s.b.w.embedded.tomcat.TomcatWebServer  : Tomcat started on port 8080 (http) with context path ''
2025-12-31 10:29:31.311  INFO 18700 --- [restartedMain] com.mbti.BackendApplication              : Started BackendApplication in 1.066 seconds (process running for 3328.796)
2025-12-31 10:29:31.312  INFO 18700 --- [restartedMain] .ConditionEvaluationDeltaLoggingListener : Condition evaluation unchanged
2025-12-31 10:31:32.133  INFO 18700 --- [File Watcher] rtingClassPathChangeChangedEventListener : Restarting due to 17 class path changes (0 additions, 17 deletions, 0 modifications)
2025-12-31 10:31:32.136  INFO 18700 --- [Thread-28] com.zaxxer.hikari.HikariDataSource       : HikariPool-5 - Shutdown initiated...
2025-12-31 10:31:32.142  INFO 18700 --- [Thread-28] com.zaxxer.hikari.HikariDataSource       : HikariPool-5 - Shutdown completed.
2025-12-31 10:31:32.219  INFO 18700 --- [restartedMain] com.mbti.BackendApplication              : Starting BackendApplication using Java 21.0.8 with PID 18700 (E:\project\MBTI\backend\build\classes\java\main started by TJ in E:\project\MBTI\backend)
2025-12-31 10:31:32.220  INFO 18700 --- [restartedMain] com.mbti.BackendApplication              : No active profile set, falling back to 1 default profile: "default"
2025-12-31 10:31:32.396  WARN 18700 --- [restartedMain] o.m.s.mapper.ClassPathMapperScanner      : No MyBatis mapper was found in '[com.mbti]' package. Please check your configuration.
2025-12-31 10:31:32.397  WARN 18700 --- [restartedMain] ConfigServletWebServerApplicationContext : Exception encountered during context initialization - cancelling refresh attempt: java.lang.NullPointerException: Cannot read field "generatedClass" because "data" is null
2025-12-31 10:31:32.399  INFO 18700 --- [restartedMain] .s.b.a.l.ConditionEvaluationReportLogger : 

Error starting ApplicationContext. To display the condition evaluation report re-run your application with 'debug' enabled.
2025-12-31 10:31:32.404 ERROR 18700 --- [restartedMain] o.s.boot.SpringApplication               : Application run failed

java.lang.NullPointerException: Cannot read field "generatedClass" because "data" is null
	at org.springframework.cglib.proxy.Enhancer.nextInstance(Enhancer.java:783)
	at org.springframework.cglib.core.AbstractClassGenerator.create(AbstractClassGenerator.java:321)
	at org.springframework.cglib.proxy.Enhancer.createHelper(Enhancer.java:562)
	at org.springframework.cglib.proxy.Enhancer.createClass(Enhancer.java:407)
	at org.springframework.context.annotation.ConfigurationClassEnhancer.createClass(ConfigurationClassEnhancer.java:138)
	at org.springframework.context.annotation.ConfigurationClassEnhancer.enhance(ConfigurationClassEnhancer.java:109)
	at org.springframework.context.annotation.ConfigurationClassPostProcessor.enhanceConfigurationClasses(ConfigurationClassPostProcessor.java:533)
	at org.springframework.context.annotation.ConfigurationClassPostProcessor.postProcessBeanFactory(ConfigurationClassPostProcessor.java:310)
	at org.springframework.context.support.PostProcessorRegistrationDelegate.invokeBeanFactoryPostProcessors(PostProcessorRegistrationDelegate.java:363)
	at org.springframework.context.support.PostProcessorRegistrationDelegate.invokeBeanFactoryPostProcessors(PostProcessorRegistrationDelegate.java:153)
	at org.springframework.context.support.AbstractApplicationContext.invokeBeanFactoryPostProcessors(AbstractApplicationContext.java:789)
	at org.springframework.context.support.AbstractApplicationContext.refresh(AbstractApplicationContext.java:606)
	at org.springframework.boot.web.servlet.context.ServletWebServerApplicationContext.refresh(ServletWebServerApplicationContext.java:146)
	at org.springframework.boot.SpringApplication.refresh(SpringApplication.java:762)
	at org.springframework.boot.SpringApplication.refreshContext(SpringApplication.java:464)
	at org.springframework.boot.SpringApplication.run(SpringApplication.java:334)
	at org.springframework.boot.SpringApplication.run(SpringApplication.java:1358)
	at org.springframework.boot.SpringApplication.run(SpringApplication.java:1347)
	at com.mbti.BackendApplication.main(BackendApplication.java:10)
	at java.base/jdk.internal.reflect.DirectMethodHandleAccessor.invoke(DirectMethodHandleAccessor.java:103)
	at java.base/java.lang.reflect.Method.invoke(Method.java:580)
	at org.springframework.boot.devtools.restart.RestartLauncher.run(RestartLauncher.java:50)

2025-12-31 10:31:35.310  INFO 18700 --- [restartedMain] com.mbti.BackendApplication              : Starting BackendApplication using Java 21.0.8 with PID 18700 (E:\project\MBTI\backend\build\classes\java\main started by TJ in E:\project\MBTI\backend)
2025-12-31 10:31:35.310  INFO 18700 --- [restartedMain] com.mbti.BackendApplication              : No active profile set, falling back to 1 default profile: "default"
2025-12-31 10:31:35.625  INFO 18700 --- [restartedMain] o.s.b.w.embedded.tomcat.TomcatWebServer  : Tomcat initialized with port 8080 (http)
2025-12-31 10:31:35.626  INFO 18700 --- [restartedMain] o.apache.catalina.core.StandardService   : Starting service [Tomcat]
2025-12-31 10:31:35.626  INFO 18700 --- [restartedMain] o.apache.catalina.core.StandardEngine    : Starting Servlet engine: [Apache Tomcat/10.1.17]
2025-12-31 10:31:35.647  INFO 18700 --- [restartedMain] o.a.c.c.C.[Tomcat-1].[localhost].[/]     : Initializing Spring embedded WebApplicationContext
2025-12-31 10:31:35.647  INFO 18700 --- [restartedMain] w.s.c.ServletWebServerApplicationContext : Root WebApplicationContext: initialization completed in 335 ms
2025-12-31 10:31:35.678  INFO 18700 --- [restartedMain] com.zaxxer.hikari.HikariDataSource       : HikariPool-6 - Starting...
2025-12-31 10:31:35.749  INFO 18700 --- [restartedMain] com.zaxxer.hikari.pool.HikariPool        : HikariPool-6 - Added connection org.postgresql.jdbc.PgConnection@60b33c5
2025-12-31 10:31:35.749  INFO 18700 --- [restartedMain] com.zaxxer.hikari.HikariDataSource       : HikariPool-6 - Start completed.
2025-12-31 10:31:36.281  INFO 18700 --- [restartedMain] o.s.b.d.a.OptionalLiveReloadServer       : LiveReload server is running on port 35729
2025-12-31 10:31:36.293  INFO 18700 --- [restartedMain] o.s.b.w.embedded.tomcat.TomcatWebServer  : Tomcat started on port 8080 (http) with context path ''
2025-12-31 10:31:36.298  INFO 18700 --- [restartedMain] com.mbti.BackendApplication              : Started BackendApplication in 1.035 seconds (process running for 3453.792)
2025-12-31 10:31:36.300  INFO 18700 --- [restartedMain] .ConditionEvaluationDeltaLoggingListener : Condition evaluation unchanged
2025-12-31 10:33:48.639  INFO 18700 --- [http-nio-8080-exec-1] o.a.c.c.C.[Tomcat-1].[localhost].[/]     : Initializing Spring DispatcherServlet 'dispatcherServlet'
2025-12-31 10:33:48.639  INFO 18700 --- [http-nio-8080-exec-1] o.s.web.servlet.DispatcherServlet        : Initializing Servlet 'dispatcherServlet'
2025-12-31 10:33:48.640  INFO 18700 --- [http-nio-8080-exec-1] o.s.web.servlet.DispatcherServlet        : Completed initialization in 1 ms
2025-12-31 10:33:48.647  INFO 18700 --- [http-nio-8080-exec-1] com.mbti.common.aop.LoggingAspect        : [MbtiController.getResultsByUserName()] 요청 / ip : 127.0.0.1
2025-12-31 10:33:48.647  INFO 18700 --- [http-nio-8080-exec-1] c.mbti.mbti.controller.MbtiController    : GET /api/mbti/results - Fetching results for user: 홍길동
2025-12-31 10:33:48.648  INFO 18700 --- [http-nio-8080-exec-1] com.mbti.common.aop.LoggingAspect        : ========== MbtiServiceImpl.getResultsByUserName() 서비스 호출 ==========
2025-12-31 10:33:48.648  INFO 18700 --- [http-nio-8080-exec-1] com.mbti.common.aop.LoggingAspect        : Parameter : [홍길동]
2025-12-31 10:33:48.648  INFO 18700 --- [http-nio-8080-exec-1] com.mbti.mbti.service.MbtiServiceImpl    : Fetching results for user: 홍길동
2025-12-31 10:33:48.657  INFO 18700 --- [http-nio-8080-exec-1] com.mbti.common.aop.LoggingAspect        : Running Time : 9ms
2025-12-31 10:33:48.657  INFO 18700 --- [http-nio-8080-exec-1] com.mbti.common.aop.LoggingAspect        : ===================================================================================
2025-12-31 10:38:52.238  INFO 18700 --- [File Watcher] rtingClassPathChangeChangedEventListener : Restarting due to 17 class path changes (0 additions, 17 deletions, 0 modifications)
2025-12-31 10:38:52.242  INFO 18700 --- [Thread-35] com.zaxxer.hikari.HikariDataSource       : HikariPool-6 - Shutdown initiated...
2025-12-31 10:38:52.248  INFO 18700 --- [Thread-35] com.zaxxer.hikari.HikariDataSource       : HikariPool-6 - Shutdown completed.
2025-12-31 10:38:52.318  INFO 18700 --- [restartedMain] com.mbti.BackendApplication              : Starting BackendApplication using Java 21.0.8 with PID 18700 (E:\project\MBTI\backend\build\classes\java\main started by TJ in E:\project\MBTI\backend)
2025-12-31 10:38:52.318  INFO 18700 --- [restartedMain] com.mbti.BackendApplication              : No active profile set, falling back to 1 default profile: "default"
2025-12-31 10:38:52.508  WARN 18700 --- [restartedMain] o.m.s.mapper.ClassPathMapperScanner      : No MyBatis mapper was found in '[com.mbti]' package. Please check your configuration.
2025-12-31 10:38:52.509  WARN 18700 --- [restartedMain] ConfigServletWebServerApplicationContext : Exception encountered during context initialization - cancelling refresh attempt: java.lang.NullPointerException: Cannot read field "generatedClass" because "data" is null
2025-12-31 10:38:52.512  INFO 18700 --- [restartedMain] .s.b.a.l.ConditionEvaluationReportLogger : 

Error starting ApplicationContext. To display the condition evaluation report re-run your application with 'debug' enabled.
2025-12-31 10:38:52.516 ERROR 18700 --- [restartedMain] o.s.boot.SpringApplication               : Application run failed

java.lang.NullPointerException: Cannot read field "generatedClass" because "data" is null
	at org.springframework.cglib.proxy.Enhancer.nextInstance(Enhancer.java:783)
	at org.springframework.cglib.core.AbstractClassGenerator.create(AbstractClassGenerator.java:321)
	at org.springframework.cglib.proxy.Enhancer.createHelper(Enhancer.java:562)
	at org.springframework.cglib.proxy.Enhancer.createClass(Enhancer.java:407)
	at org.springframework.context.annotation.ConfigurationClassEnhancer.createClass(ConfigurationClassEnhancer.java:138)
	at org.springframework.context.annotation.ConfigurationClassEnhancer.enhance(ConfigurationClassEnhancer.java:109)
	at org.springframework.context.annotation.ConfigurationClassPostProcessor.enhanceConfigurationClasses(ConfigurationClassPostProcessor.java:533)
	at org.springframework.context.annotation.ConfigurationClassPostProcessor.postProcessBeanFactory(ConfigurationClassPostProcessor.java:310)
	at org.springframework.context.support.PostProcessorRegistrationDelegate.invokeBeanFactoryPostProcessors(PostProcessorRegistrationDelegate.java:363)
	at org.springframework.context.support.PostProcessorRegistrationDelegate.invokeBeanFactoryPostProcessors(PostProcessorRegistrationDelegate.java:153)
	at org.springframework.context.support.AbstractApplicationContext.invokeBeanFactoryPostProcessors(AbstractApplicationContext.java:789)
	at org.springframework.context.support.AbstractApplicationContext.refresh(AbstractApplicationContext.java:606)
	at org.springframework.boot.web.servlet.context.ServletWebServerApplicationContext.refresh(ServletWebServerApplicationContext.java:146)
	at org.springframework.boot.SpringApplication.refresh(SpringApplication.java:762)
	at org.springframework.boot.SpringApplication.refreshContext(SpringApplication.java:464)
	at org.springframework.boot.SpringApplication.run(SpringApplication.java:334)
	at org.springframework.boot.SpringApplication.run(SpringApplication.java:1358)
	at org.springframework.boot.SpringApplication.run(SpringApplication.java:1347)
	at com.mbti.BackendApplication.main(BackendApplication.java:10)
	at java.base/jdk.internal.reflect.DirectMethodHandleAccessor.invoke(DirectMethodHandleAccessor.java:103)
	at java.base/java.lang.reflect.Method.invoke(Method.java:580)
	at org.springframework.boot.devtools.restart.RestartLauncher.run(RestartLauncher.java:50)

2025-12-31 10:38:55.410  INFO 18700 --- [restartedMain] com.mbti.BackendApplication              : Starting BackendApplication using Java 21.0.8 with PID 18700 (E:\project\MBTI\backend\build\classes\java\main started by TJ in E:\project\MBTI\backend)
2025-12-31 10:38:55.411  INFO 18700 --- [restartedMain] com.mbti.BackendApplication              : No active profile set, falling back to 1 default profile: "default"
2025-12-31 10:38:55.826  INFO 18700 --- [restartedMain] o.s.b.w.embedded.tomcat.TomcatWebServer  : Tomcat initialized with port 8080 (http)
2025-12-31 10:38:55.828  INFO 18700 --- [restartedMain] o.apache.catalina.core.StandardService   : Starting service [Tomcat]
2025-12-31 10:38:55.828  INFO 18700 --- [restartedMain] o.apache.catalina.core.StandardEngine    : Starting Servlet engine: [Apache Tomcat/10.1.17]
2025-12-31 10:38:55.849  INFO 18700 --- [restartedMain] o.a.c.c.C.[Tomcat-1].[localhost].[/]     : Initializing Spring embedded WebApplicationContext
2025-12-31 10:38:55.849  INFO 18700 --- [restartedMain] w.s.c.ServletWebServerApplicationContext : Root WebApplicationContext: initialization completed in 437 ms
2025-12-31 10:38:55.896  INFO 18700 --- [restartedMain] com.zaxxer.hikari.HikariDataSource       : HikariPool-7 - Starting...
2025-12-31 10:38:56.097  INFO 18700 --- [restartedMain] com.zaxxer.hikari.pool.HikariPool        : HikariPool-7 - Added connection org.postgresql.jdbc.PgConnection@48a7bb4a
2025-12-31 10:38:56.097  INFO 18700 --- [restartedMain] com.zaxxer.hikari.HikariDataSource       : HikariPool-7 - Start completed.
2025-12-31 10:38:56.703  INFO 18700 --- [restartedMain] o.s.b.d.a.OptionalLiveReloadServer       : LiveReload server is running on port 35729
2025-12-31 10:38:56.718  INFO 18700 --- [restartedMain] o.s.b.w.embedded.tomcat.TomcatWebServer  : Tomcat started on port 8080 (http) with context path ''
2025-12-31 10:38:56.721  INFO 18700 --- [restartedMain] com.mbti.BackendApplication              : Started BackendApplication in 1.342 seconds (process running for 3894.241)
2025-12-31 10:38:56.722  INFO 18700 --- [restartedMain] .ConditionEvaluationDeltaLoggingListener : Condition evaluation unchanged
2025-12-31 10:48:46.195  INFO 18700 --- [http-nio-8080-exec-1] o.a.c.c.C.[Tomcat-1].[localhost].[/]     : Initializing Spring DispatcherServlet 'dispatcherServlet'
2025-12-31 10:48:46.195  INFO 18700 --- [http-nio-8080-exec-1] o.s.web.servlet.DispatcherServlet        : Initializing Servlet 'dispatcherServlet'
2025-12-31 10:48:46.196  INFO 18700 --- [http-nio-8080-exec-1] o.s.web.servlet.DispatcherServlet        : Completed initialization in 1 ms
2025-12-31 10:48:46.198  INFO 18700 --- [http-nio-8080-exec-1] com.mbti.common.aop.LoggingAspect        : [MbtiController.getResultsByUserName()] 요청 / ip : 127.0.0.1
2025-12-31 10:48:46.198  INFO 18700 --- [http-nio-8080-exec-1] c.mbti.mbti.controller.MbtiController    : GET /api/mbti/results - Fetching results for user: 강감찬
2025-12-31 10:48:46.199  INFO 18700 --- [http-nio-8080-exec-1] com.mbti.common.aop.LoggingAspect        : ========== MbtiServiceImpl.getResultsByUserName() 서비스 호출 ==========
2025-12-31 10:48:46.199  INFO 18700 --- [http-nio-8080-exec-1] com.mbti.common.aop.LoggingAspect        : Parameter : [강감찬]
2025-12-31 10:48:46.199  INFO 18700 --- [http-nio-8080-exec-1] com.mbti.mbti.service.MbtiServiceImpl    : Fetching results for user: 강감찬
2025-12-31 10:48:46.208  INFO 18700 --- [http-nio-8080-exec-1] com.mbti.common.aop.LoggingAspect        : Running Time : 9ms
2025-12-31 10:48:46.208  INFO 18700 --- [http-nio-8080-exec-1] com.mbti.common.aop.LoggingAspect        : ===================================================================================
2025-12-31 10:50:16.845  INFO 18700 --- [File Watcher] rtingClassPathChangeChangedEventListener : Restarting due to 17 class path changes (0 additions, 17 deletions, 0 modifications)
2025-12-31 10:50:16.849  INFO 18700 --- [Thread-42] com.zaxxer.hikari.HikariDataSource       : HikariPool-7 - Shutdown initiated...
2025-12-31 10:50:16.857  INFO 18700 --- [Thread-42] com.zaxxer.hikari.HikariDataSource       : HikariPool-7 - Shutdown completed.
2025-12-31 10:50:16.926  INFO 18700 --- [restartedMain] com.mbti.BackendApplication              : Starting BackendApplication using Java 21.0.8 with PID 18700 (E:\project\MBTI\backend\build\classes\java\main started by TJ in E:\project\MBTI\backend)
2025-12-31 10:50:16.926  INFO 18700 --- [restartedMain] com.mbti.BackendApplication              : No active profile set, falling back to 1 default profile: "default"
2025-12-31 10:50:17.108  WARN 18700 --- [restartedMain] o.m.s.mapper.ClassPathMapperScanner      : No MyBatis mapper was found in '[com.mbti]' package. Please check your configuration.
2025-12-31 10:50:17.109  WARN 18700 --- [restartedMain] ConfigServletWebServerApplicationContext : Exception encountered during context initialization - cancelling refresh attempt: java.lang.NullPointerException: Cannot read field "generatedClass" because "data" is null
2025-12-31 10:50:17.111  INFO 18700 --- [restartedMain] .s.b.a.l.ConditionEvaluationReportLogger : 

Error starting ApplicationContext. To display the condition evaluation report re-run your application with 'debug' enabled.
2025-12-31 10:50:17.115 ERROR 18700 --- [restartedMain] o.s.boot.SpringApplication               : Application run failed

java.lang.NullPointerException: Cannot read field "generatedClass" because "data" is null
	at org.springframework.cglib.proxy.Enhancer.nextInstance(Enhancer.java:783)
	at org.springframework.cglib.core.AbstractClassGenerator.create(AbstractClassGenerator.java:321)
	at org.springframework.cglib.proxy.Enhancer.createHelper(Enhancer.java:562)
	at org.springframework.cglib.proxy.Enhancer.createClass(Enhancer.java:407)
	at org.springframework.context.annotation.ConfigurationClassEnhancer.createClass(ConfigurationClassEnhancer.java:138)
	at org.springframework.context.annotation.ConfigurationClassEnhancer.enhance(ConfigurationClassEnhancer.java:109)
	at org.springframework.context.annotation.ConfigurationClassPostProcessor.enhanceConfigurationClasses(ConfigurationClassPostProcessor.java:533)
	at org.springframework.context.annotation.ConfigurationClassPostProcessor.postProcessBeanFactory(ConfigurationClassPostProcessor.java:310)
	at org.springframework.context.support.PostProcessorRegistrationDelegate.invokeBeanFactoryPostProcessors(PostProcessorRegistrationDelegate.java:363)
	at org.springframework.context.support.PostProcessorRegistrationDelegate.invokeBeanFactoryPostProcessors(PostProcessorRegistrationDelegate.java:153)
	at org.springframework.context.support.AbstractApplicationContext.invokeBeanFactoryPostProcessors(AbstractApplicationContext.java:789)
	at org.springframework.context.support.AbstractApplicationContext.refresh(AbstractApplicationContext.java:606)
	at org.springframework.boot.web.servlet.context.ServletWebServerApplicationContext.refresh(ServletWebServerApplicationContext.java:146)
	at org.springframework.boot.SpringApplication.refresh(SpringApplication.java:762)
	at org.springframework.boot.SpringApplication.refreshContext(SpringApplication.java:464)
	at org.springframework.boot.SpringApplication.run(SpringApplication.java:334)
	at org.springframework.boot.SpringApplication.run(SpringApplication.java:1358)
	at org.springframework.boot.SpringApplication.run(SpringApplication.java:1347)
	at com.mbti.BackendApplication.main(BackendApplication.java:10)
	at java.base/jdk.internal.reflect.DirectMethodHandleAccessor.invoke(DirectMethodHandleAccessor.java:103)
	at java.base/java.lang.reflect.Method.invoke(Method.java:580)
	at org.springframework.boot.devtools.restart.RestartLauncher.run(RestartLauncher.java:50)

2025-12-31 10:50:19.584  INFO 18700 --- [restartedMain] com.mbti.BackendApplication              : Starting BackendApplication using Java 21.0.8 with PID 18700 (E:\project\MBTI\backend\build\classes\java\main started by TJ in E:\project\MBTI\backend)
2025-12-31 10:50:19.585  INFO 18700 --- [restartedMain] com.mbti.BackendApplication              : No active profile set, falling back to 1 default profile: "default"
2025-12-31 10:50:19.930  INFO 18700 --- [restartedMain] o.s.b.w.embedded.tomcat.TomcatWebServer  : Tomcat initialized with port 8080 (http)
2025-12-31 10:50:19.931  INFO 18700 --- [restartedMain] o.apache.catalina.core.StandardService   : Starting service [Tomcat]
2025-12-31 10:50:19.931  INFO 18700 --- [restartedMain] o.apache.catalina.core.StandardEngine    : Starting Servlet engine: [Apache Tomcat/10.1.17]
2025-12-31 10:50:19.951  INFO 18700 --- [restartedMain] o.a.c.c.C.[Tomcat-1].[localhost].[/]     : Initializing Spring embedded WebApplicationContext
2025-12-31 10:50:19.951  INFO 18700 --- [restartedMain] w.s.c.ServletWebServerApplicationContext : Root WebApplicationContext: initialization completed in 365 ms
2025-12-31 10:50:19.986  INFO 18700 --- [restartedMain] com.zaxxer.hikari.HikariDataSource       : HikariPool-8 - Starting...
2025-12-31 10:50:20.060  INFO 18700 --- [restartedMain] com.zaxxer.hikari.pool.HikariPool        : HikariPool-8 - Added connection org.postgresql.jdbc.PgConnection@76d01bbf
2025-12-31 10:50:20.060  INFO 18700 --- [restartedMain] com.zaxxer.hikari.HikariDataSource       : HikariPool-8 - Start completed.
2025-12-31 10:50:20.623  INFO 18700 --- [restartedMain] o.s.b.d.a.OptionalLiveReloadServer       : LiveReload server is running on port 35729
2025-12-31 10:50:20.636  INFO 18700 --- [restartedMain] o.s.b.w.embedded.tomcat.TomcatWebServer  : Tomcat started on port 8080 (http) with context path ''
2025-12-31 10:50:20.640  INFO 18700 --- [restartedMain] com.mbti.BackendApplication              : Started BackendApplication in 1.079 seconds (process running for 4578.197)
2025-12-31 10:50:20.641  INFO 18700 --- [restartedMain] .ConditionEvaluationDeltaLoggingListener : Condition evaluation unchanged
2025-12-31 11:10:35.854  INFO 18700 --- [http-nio-8080-exec-1] o.a.c.c.C.[Tomcat-1].[localhost].[/]     : Initializing Spring DispatcherServlet 'dispatcherServlet'
2025-12-31 11:10:35.854  INFO 18700 --- [http-nio-8080-exec-1] o.s.web.servlet.DispatcherServlet        : Initializing Servlet 'dispatcherServlet'
2025-12-31 11:10:35.855  INFO 18700 --- [http-nio-8080-exec-1] o.s.web.servlet.DispatcherServlet        : Completed initialization in 1 ms
2025-12-31 11:10:35.859  INFO 18700 --- [http-nio-8080-exec-1] com.mbti.common.aop.LoggingAspect        : [MbtiController.getResultsByUserName()] 요청 / ip : 127.0.0.1
2025-12-31 11:10:35.859  INFO 18700 --- [http-nio-8080-exec-1] c.mbti.mbti.controller.MbtiController    : GET /api/mbti/results - Fetching results for user: ㅇㅇㅇㅇ
2025-12-31 11:10:35.859  INFO 18700 --- [http-nio-8080-exec-1] com.mbti.common.aop.LoggingAspect        : ========== MbtiServiceImpl.getResultsByUserName() 서비스 호출 ==========
2025-12-31 11:10:35.860  INFO 18700 --- [http-nio-8080-exec-1] com.mbti.common.aop.LoggingAspect        : Parameter : [ㅇㅇㅇㅇ]
2025-12-31 11:10:35.860  INFO 18700 --- [http-nio-8080-exec-1] com.mbti.mbti.service.MbtiServiceImpl    : Fetching results for user: ㅇㅇㅇㅇ
2025-12-31 11:10:35.869  INFO 18700 --- [http-nio-8080-exec-1] com.mbti.common.aop.LoggingAspect        : Running Time : 9ms
2025-12-31 11:10:35.869  INFO 18700 --- [http-nio-8080-exec-1] com.mbti.common.aop.LoggingAspect        : ===================================================================================
2025-12-31 11:12:51.560  INFO 18700 --- [File Watcher] rtingClassPathChangeChangedEventListener : Restarting due to 17 class path changes (0 additions, 17 deletions, 0 modifications)
2025-12-31 11:12:51.564  INFO 18700 --- [Thread-49] com.zaxxer.hikari.HikariDataSource       : HikariPool-8 - Shutdown initiated...
2025-12-31 11:12:51.570  INFO 18700 --- [Thread-49] com.zaxxer.hikari.HikariDataSource       : HikariPool-8 - Shutdown completed.
2025-12-31 11:12:51.640  INFO 18700 --- [restartedMain] com.mbti.BackendApplication              : Starting BackendApplication using Java 21.0.8 with PID 18700 (E:\project\MBTI\backend\build\classes\java\main started by TJ in E:\project\MBTI\backend)
2025-12-31 11:12:51.640  INFO 18700 --- [restartedMain] com.mbti.BackendApplication              : No active profile set, falling back to 1 default profile: "default"
2025-12-31 11:12:51.829  WARN 18700 --- [restartedMain] o.m.s.mapper.ClassPathMapperScanner      : No MyBatis mapper was found in '[com.mbti]' package. Please check your configuration.
2025-12-31 11:12:51.830  WARN 18700 --- [restartedMain] ConfigServletWebServerApplicationContext : Exception encountered during context initialization - cancelling refresh attempt: java.lang.NullPointerException: Cannot read field "generatedClass" because "data" is null
2025-12-31 11:12:51.833  INFO 18700 --- [restartedMain] .s.b.a.l.ConditionEvaluationReportLogger : 

Error starting ApplicationContext. To display the condition evaluation report re-run your application with 'debug' enabled.
2025-12-31 11:12:51.837 ERROR 18700 --- [restartedMain] o.s.boot.SpringApplication               : Application run failed

java.lang.NullPointerException: Cannot read field "generatedClass" because "data" is null
	at org.springframework.cglib.proxy.Enhancer.nextInstance(Enhancer.java:783)
	at org.springframework.cglib.core.AbstractClassGenerator.create(AbstractClassGenerator.java:321)
	at org.springframework.cglib.proxy.Enhancer.createHelper(Enhancer.java:562)
	at org.springframework.cglib.proxy.Enhancer.createClass(Enhancer.java:407)
	at org.springframework.context.annotation.ConfigurationClassEnhancer.createClass(ConfigurationClassEnhancer.java:138)
	at org.springframework.context.annotation.ConfigurationClassEnhancer.enhance(ConfigurationClassEnhancer.java:109)
	at org.springframework.context.annotation.ConfigurationClassPostProcessor.enhanceConfigurationClasses(ConfigurationClassPostProcessor.java:533)
	at org.springframework.context.annotation.ConfigurationClassPostProcessor.postProcessBeanFactory(ConfigurationClassPostProcessor.java:310)
	at org.springframework.context.support.PostProcessorRegistrationDelegate.invokeBeanFactoryPostProcessors(PostProcessorRegistrationDelegate.java:363)
	at org.springframework.context.support.PostProcessorRegistrationDelegate.invokeBeanFactoryPostProcessors(PostProcessorRegistrationDelegate.java:153)
	at org.springframework.context.support.AbstractApplicationContext.invokeBeanFactoryPostProcessors(AbstractApplicationContext.java:789)
	at org.springframework.context.support.AbstractApplicationContext.refresh(AbstractApplicationContext.java:606)
	at org.springframework.boot.web.servlet.context.ServletWebServerApplicationContext.refresh(ServletWebServerApplicationContext.java:146)
	at org.springframework.boot.SpringApplication.refresh(SpringApplication.java:762)
	at org.springframework.boot.SpringApplication.refreshContext(SpringApplication.java:464)
	at org.springframework.boot.SpringApplication.run(SpringApplication.java:334)
	at org.springframework.boot.SpringApplication.run(SpringApplication.java:1358)
	at org.springframework.boot.SpringApplication.run(SpringApplication.java:1347)
	at com.mbti.BackendApplication.main(BackendApplication.java:10)
	at java.base/jdk.internal.reflect.DirectMethodHandleAccessor.invoke(DirectMethodHandleAccessor.java:103)
	at java.base/java.lang.reflect.Method.invoke(Method.java:580)
	at org.springframework.boot.devtools.restart.RestartLauncher.run(RestartLauncher.java:50)

2025-12-31 11:12:54.312  INFO 18700 --- [restartedMain] com.mbti.BackendApplication              : Starting BackendApplication using Java 21.0.8 with PID 18700 (E:\project\MBTI\backend\build\classes\java\main started by TJ in E:\project\MBTI\backend)
2025-12-31 11:12:54.312  INFO 18700 --- [restartedMain] com.mbti.BackendApplication              : No active profile set, falling back to 1 default profile: "default"
2025-12-31 11:12:54.663  INFO 18700 --- [restartedMain] o.s.b.w.embedded.tomcat.TomcatWebServer  : Tomcat initialized with port 8080 (http)
2025-12-31 11:12:54.665  INFO 18700 --- [restartedMain] o.apache.catalina.core.StandardService   : Starting service [Tomcat]
2025-12-31 11:12:54.665  INFO 18700 --- [restartedMain] o.apache.catalina.core.StandardEngine    : Starting Servlet engine: [Apache Tomcat/10.1.17]
2025-12-31 11:12:54.684  INFO 18700 --- [restartedMain] o.a.c.c.C.[Tomcat-1].[localhost].[/]     : Initializing Spring embedded WebApplicationContext
2025-12-31 11:12:54.684  INFO 18700 --- [restartedMain] w.s.c.ServletWebServerApplicationContext : Root WebApplicationContext: initialization completed in 370 ms
2025-12-31 11:12:54.719  INFO 18700 --- [restartedMain] com.zaxxer.hikari.HikariDataSource       : HikariPool-9 - Starting...
2025-12-31 11:12:54.792  INFO 18700 --- [restartedMain] com.zaxxer.hikari.pool.HikariPool        : HikariPool-9 - Added connection org.postgresql.jdbc.PgConnection@57a83893
2025-12-31 11:12:54.792  INFO 18700 --- [restartedMain] com.zaxxer.hikari.HikariDataSource       : HikariPool-9 - Start completed.
2025-12-31 11:12:55.365  INFO 18700 --- [restartedMain] o.s.b.d.a.OptionalLiveReloadServer       : LiveReload server is running on port 35729
2025-12-31 11:12:55.377  INFO 18700 --- [restartedMain] o.s.b.w.embedded.tomcat.TomcatWebServer  : Tomcat started on port 8080 (http) with context path ''
2025-12-31 11:12:55.380  INFO 18700 --- [restartedMain] com.mbti.BackendApplication              : Started BackendApplication in 1.09 seconds (process running for 5932.99)
2025-12-31 11:12:55.381  INFO 18700 --- [restartedMain] .ConditionEvaluationDeltaLoggingListener : Condition evaluation unchanged
2025-12-31 11:18:03.829  INFO 18700 --- [File Watcher] rtingClassPathChangeChangedEventListener : Restarting due to 17 class path changes (0 additions, 17 deletions, 0 modifications)
2025-12-31 11:18:03.833  INFO 18700 --- [Thread-56] com.zaxxer.hikari.HikariDataSource       : HikariPool-9 - Shutdown initiated...
2025-12-31 11:18:03.838  INFO 18700 --- [Thread-56] com.zaxxer.hikari.HikariDataSource       : HikariPool-9 - Shutdown completed.
2025-12-31 11:18:03.908  INFO 18700 --- [restartedMain] com.mbti.BackendApplication              : Starting BackendApplication using Java 21.0.8 with PID 18700 (E:\project\MBTI\backend\build\classes\java\main started by TJ in E:\project\MBTI\backend)
2025-12-31 11:18:03.908  INFO 18700 --- [restartedMain] com.mbti.BackendApplication              : No active profile set, falling back to 1 default profile: "default"
2025-12-31 11:18:04.113  WARN 18700 --- [restartedMain] o.m.s.mapper.ClassPathMapperScanner      : No MyBatis mapper was found in '[com.mbti]' package. Please check your configuration.
2025-12-31 11:18:04.114  WARN 18700 --- [restartedMain] ConfigServletWebServerApplicationContext : Exception encountered during context initialization - cancelling refresh attempt: java.lang.NullPointerException: Cannot read field "generatedClass" because "data" is null
2025-12-31 11:18:04.118  INFO 18700 --- [restartedMain] .s.b.a.l.ConditionEvaluationReportLogger : 

Error starting ApplicationContext. To display the condition evaluation report re-run your application with 'debug' enabled.
2025-12-31 11:18:04.123 ERROR 18700 --- [restartedMain] o.s.boot.SpringApplication               : Application run failed

java.lang.NullPointerException: Cannot read field "generatedClass" because "data" is null
	at org.springframework.cglib.proxy.Enhancer.nextInstance(Enhancer.java:783)
	at org.springframework.cglib.core.AbstractClassGenerator.create(AbstractClassGenerator.java:321)
	at org.springframework.cglib.proxy.Enhancer.createHelper(Enhancer.java:562)
	at org.springframework.cglib.proxy.Enhancer.createClass(Enhancer.java:407)
	at org.springframework.context.annotation.ConfigurationClassEnhancer.createClass(ConfigurationClassEnhancer.java:138)
	at org.springframework.context.annotation.ConfigurationClassEnhancer.enhance(ConfigurationClassEnhancer.java:109)
	at org.springframework.context.annotation.ConfigurationClassPostProcessor.enhanceConfigurationClasses(ConfigurationClassPostProcessor.java:533)
	at org.springframework.context.annotation.ConfigurationClassPostProcessor.postProcessBeanFactory(ConfigurationClassPostProcessor.java:310)
	at org.springframework.context.support.PostProcessorRegistrationDelegate.invokeBeanFactoryPostProcessors(PostProcessorRegistrationDelegate.java:363)
	at org.springframework.context.support.PostProcessorRegistrationDelegate.invokeBeanFactoryPostProcessors(PostProcessorRegistrationDelegate.java:153)
	at org.springframework.context.support.AbstractApplicationContext.invokeBeanFactoryPostProcessors(AbstractApplicationContext.java:789)
	at org.springframework.context.support.AbstractApplicationContext.refresh(AbstractApplicationContext.java:606)
	at org.springframework.boot.web.servlet.context.ServletWebServerApplicationContext.refresh(ServletWebServerApplicationContext.java:146)
	at org.springframework.boot.SpringApplication.refresh(SpringApplication.java:762)
	at org.springframework.boot.SpringApplication.refreshContext(SpringApplication.java:464)
	at org.springframework.boot.SpringApplication.run(SpringApplication.java:334)
	at org.springframework.boot.SpringApplication.run(SpringApplication.java:1358)
	at org.springframework.boot.SpringApplication.run(SpringApplication.java:1347)
	at com.mbti.BackendApplication.main(BackendApplication.java:10)
	at java.base/jdk.internal.reflect.DirectMethodHandleAccessor.invoke(DirectMethodHandleAccessor.java:103)
	at java.base/java.lang.reflect.Method.invoke(Method.java:580)
	at org.springframework.boot.devtools.restart.RestartLauncher.run(RestartLauncher.java:50)

2025-12-31 11:18:09.048  INFO 18700 --- [restartedMain] com.mbti.BackendApplication              : Starting BackendApplication using Java 21.0.8 with PID 18700 (E:\project\MBTI\backend\build\classes\java\main started by TJ in E:\project\MBTI\backend)
2025-12-31 11:18:09.048  INFO 18700 --- [restartedMain] com.mbti.BackendApplication              : No active profile set, falling back to 1 default profile: "default"
2025-12-31 11:18:09.414  INFO 18700 --- [restartedMain] o.s.b.w.embedded.tomcat.TomcatWebServer  : Tomcat initialized with port 8080 (http)
2025-12-31 11:18:09.415  INFO 18700 --- [restartedMain] o.apache.catalina.core.StandardService   : Starting service [Tomcat]
2025-12-31 11:18:09.415  INFO 18700 --- [restartedMain] o.apache.catalina.core.StandardEngine    : Starting Servlet engine: [Apache Tomcat/10.1.17]
2025-12-31 11:18:09.436  INFO 18700 --- [restartedMain] o.a.c.c.C.[Tomcat-1].[localhost].[/]     : Initializing Spring embedded WebApplicationContext
2025-12-31 11:18:09.437  INFO 18700 --- [restartedMain] w.s.c.ServletWebServerApplicationContext : Root WebApplicationContext: initialization completed in 387 ms
2025-12-31 11:18:09.471  INFO 18700 --- [restartedMain] com.zaxxer.hikari.HikariDataSource       : HikariPool-10 - Starting...
2025-12-31 11:18:09.549  INFO 18700 --- [restartedMain] com.zaxxer.hikari.pool.HikariPool        : HikariPool-10 - Added connection org.postgresql.jdbc.PgConnection@9eb6b65
2025-12-31 11:18:09.550  INFO 18700 --- [restartedMain] com.zaxxer.hikari.HikariDataSource       : HikariPool-10 - Start completed.
2025-12-31 11:18:10.171  INFO 18700 --- [restartedMain] o.s.b.d.a.OptionalLiveReloadServer       : LiveReload server is running on port 35729
2025-12-31 11:18:10.183  INFO 18700 --- [restartedMain] o.s.b.w.embedded.tomcat.TomcatWebServer  : Tomcat started on port 8080 (http) with context path ''
2025-12-31 11:18:10.187  INFO 18700 --- [restartedMain] com.mbti.BackendApplication              : Started BackendApplication in 1.163 seconds (process running for 6247.807)
2025-12-31 11:18:10.188  INFO 18700 --- [restartedMain] .ConditionEvaluationDeltaLoggingListener : Condition evaluation unchanged
2025-12-31 11:23:00.103  INFO 18700 --- [File Watcher] rtingClassPathChangeChangedEventListener : Restarting due to 17 class path changes (0 additions, 17 deletions, 0 modifications)
2025-12-31 11:23:00.108  INFO 18700 --- [Thread-63] com.zaxxer.hikari.HikariDataSource       : HikariPool-10 - Shutdown initiated...
2025-12-31 11:23:00.114  INFO 18700 --- [Thread-63] com.zaxxer.hikari.HikariDataSource       : HikariPool-10 - Shutdown completed.
2025-12-31 11:23:00.194  INFO 18700 --- [restartedMain] com.mbti.BackendApplication              : Starting BackendApplication using Java 21.0.8 with PID 18700 (E:\project\MBTI\backend\build\classes\java\main started by TJ in E:\project\MBTI\backend)
2025-12-31 11:23:00.194  INFO 18700 --- [restartedMain] com.mbti.BackendApplication              : No active profile set, falling back to 1 default profile: "default"
2025-12-31 11:23:00.457  WARN 18700 --- [restartedMain] o.m.s.mapper.ClassPathMapperScanner      : No MyBatis mapper was found in '[com.mbti]' package. Please check your configuration.
2025-12-31 11:23:00.459  WARN 18700 --- [restartedMain] ConfigServletWebServerApplicationContext : Exception encountered during context initialization - cancelling refresh attempt: java.lang.NullPointerException: Cannot read field "generatedClass" because "data" is null
2025-12-31 11:23:00.464  INFO 18700 --- [restartedMain] .s.b.a.l.ConditionEvaluationReportLogger : 

Error starting ApplicationContext. To display the condition evaluation report re-run your application with 'debug' enabled.
2025-12-31 11:23:00.468 ERROR 18700 --- [restartedMain] o.s.boot.SpringApplication               : Application run failed

java.lang.NullPointerException: Cannot read field "generatedClass" because "data" is null
	at org.springframework.cglib.proxy.Enhancer.nextInstance(Enhancer.java:783)
	at org.springframework.cglib.core.AbstractClassGenerator.create(AbstractClassGenerator.java:321)
	at org.springframework.cglib.proxy.Enhancer.createHelper(Enhancer.java:562)
	at org.springframework.cglib.proxy.Enhancer.createClass(Enhancer.java:407)
	at org.springframework.context.annotation.ConfigurationClassEnhancer.createClass(ConfigurationClassEnhancer.java:138)
	at org.springframework.context.annotation.ConfigurationClassEnhancer.enhance(ConfigurationClassEnhancer.java:109)
	at org.springframework.context.annotation.ConfigurationClassPostProcessor.enhanceConfigurationClasses(ConfigurationClassPostProcessor.java:533)
	at org.springframework.context.annotation.ConfigurationClassPostProcessor.postProcessBeanFactory(ConfigurationClassPostProcessor.java:310)
	at org.springframework.context.support.PostProcessorRegistrationDelegate.invokeBeanFactoryPostProcessors(PostProcessorRegistrationDelegate.java:363)
	at org.springframework.context.support.PostProcessorRegistrationDelegate.invokeBeanFactoryPostProcessors(PostProcessorRegistrationDelegate.java:153)
	at org.springframework.context.support.AbstractApplicationContext.invokeBeanFactoryPostProcessors(AbstractApplicationContext.java:789)
	at org.springframework.context.support.AbstractApplicationContext.refresh(AbstractApplicationContext.java:606)
	at org.springframework.boot.web.servlet.context.ServletWebServerApplicationContext.refresh(ServletWebServerApplicationContext.java:146)
	at org.springframework.boot.SpringApplication.refresh(SpringApplication.java:762)
	at org.springframework.boot.SpringApplication.refreshContext(SpringApplication.java:464)
	at org.springframework.boot.SpringApplication.run(SpringApplication.java:334)
	at org.springframework.boot.SpringApplication.run(SpringApplication.java:1358)
	at org.springframework.boot.SpringApplication.run(SpringApplication.java:1347)
	at com.mbti.BackendApplication.main(BackendApplication.java:10)
	at java.base/jdk.internal.reflect.DirectMethodHandleAccessor.invoke(DirectMethodHandleAccessor.java:103)
	at java.base/java.lang.reflect.Method.invoke(Method.java:580)
	at org.springframework.boot.devtools.restart.RestartLauncher.run(RestartLauncher.java:50)

2025-12-31 11:23:03.961  INFO 18700 --- [restartedMain] com.mbti.BackendApplication              : Starting BackendApplication using Java 21.0.8 with PID 18700 (E:\project\MBTI\backend\build\classes\java\main started by TJ in E:\project\MBTI\backend)
2025-12-31 11:23:03.962  INFO 18700 --- [restartedMain] com.mbti.BackendApplication              : No active profile set, falling back to 1 default profile: "default"
2025-12-31 11:23:04.305  INFO 18700 --- [restartedMain] o.s.b.w.embedded.tomcat.TomcatWebServer  : Tomcat initialized with port 8080 (http)
2025-12-31 11:23:04.306  INFO 18700 --- [restartedMain] o.apache.catalina.core.StandardService   : Starting service [Tomcat]
2025-12-31 11:23:04.307  INFO 18700 --- [restartedMain] o.apache.catalina.core.StandardEngine    : Starting Servlet engine: [Apache Tomcat/10.1.17]
2025-12-31 11:23:04.327  INFO 18700 --- [restartedMain] o.a.c.c.C.[Tomcat-1].[localhost].[/]     : Initializing Spring embedded WebApplicationContext
2025-12-31 11:23:04.327  INFO 18700 --- [restartedMain] w.s.c.ServletWebServerApplicationContext : Root WebApplicationContext: initialization completed in 364 ms
2025-12-31 11:23:04.371  INFO 18700 --- [restartedMain] com.zaxxer.hikari.HikariDataSource       : HikariPool-11 - Starting...
2025-12-31 11:23:04.449  INFO 18700 --- [restartedMain] com.zaxxer.hikari.pool.HikariPool        : HikariPool-11 - Added connection org.postgresql.jdbc.PgConnection@2c4d179d
2025-12-31 11:23:04.449  INFO 18700 --- [restartedMain] com.zaxxer.hikari.HikariDataSource       : HikariPool-11 - Start completed.
2025-12-31 11:23:05.015  INFO 18700 --- [restartedMain] o.s.b.d.a.OptionalLiveReloadServer       : LiveReload server is running on port 35729
2025-12-31 11:23:05.026  INFO 18700 --- [restartedMain] o.s.b.w.embedded.tomcat.TomcatWebServer  : Tomcat started on port 8080 (http) with context path ''
2025-12-31 11:23:05.029  INFO 18700 --- [restartedMain] com.mbti.BackendApplication              : Started BackendApplication in 1.093 seconds (process running for 6542.657)
2025-12-31 11:23:05.030  INFO 18700 --- [restartedMain] .ConditionEvaluationDeltaLoggingListener : Condition evaluation unchanged
2025-12-31 11:43:20.048  INFO 18700 --- [http-nio-8080-exec-1] o.a.c.c.C.[Tomcat-1].[localhost].[/]     : Initializing Spring DispatcherServlet 'dispatcherServlet'
2025-12-31 11:43:20.048  INFO 18700 --- [http-nio-8080-exec-1] o.s.web.servlet.DispatcherServlet        : Initializing Servlet 'dispatcherServlet'
2025-12-31 11:43:20.049  INFO 18700 --- [http-nio-8080-exec-1] o.s.web.servlet.DispatcherServlet        : Completed initialization in 1 ms
2025-12-31 11:43:20.054  INFO 18700 --- [http-nio-8080-exec-1] com.mbti.common.aop.LoggingAspect        : [MbtiController.getAllMbtiTypes()] 요청 / ip : 127.0.0.1
2025-12-31 11:43:20.054  INFO 18700 --- [http-nio-8080-exec-1] c.mbti.mbti.controller.MbtiController    : GET /api/mbti/types - Fetching all MBTI types
2025-12-31 11:43:20.054  INFO 18700 --- [http-nio-8080-exec-1] com.mbti.common.aop.LoggingAspect        : ========== MbtiServiceImpl.getAllMbtiTypes() 서비스 호출 ==========
2025-12-31 11:43:20.055  INFO 18700 --- [http-nio-8080-exec-1] com.mbti.common.aop.LoggingAspect        : Parameter : []
2025-12-31 11:43:20.056  INFO 18700 --- [http-nio-8080-exec-1] com.mbti.mbti.service.MbtiServiceImpl    : Fetching all MBTI types
2025-12-31 11:43:20.072  INFO 18700 --- [http-nio-8080-exec-1] com.mbti.common.aop.LoggingAspect        : Running Time : 16ms
2025-12-31 11:43:20.072  INFO 18700 --- [http-nio-8080-exec-1] com.mbti.common.aop.LoggingAspect        : ===================================================================================
2025-12-31 11:44:23.497  INFO 18700 --- [File Watcher] rtingClassPathChangeChangedEventListener : Restarting due to 17 class path changes (0 additions, 17 deletions, 0 modifications)
2025-12-31 11:44:23.501  INFO 18700 --- [Thread-70] com.zaxxer.hikari.HikariDataSource       : HikariPool-11 - Shutdown initiated...
2025-12-31 11:44:23.508  INFO 18700 --- [Thread-70] com.zaxxer.hikari.HikariDataSource       : HikariPool-11 - Shutdown completed.
2025-12-31 11:44:23.585  INFO 18700 --- [restartedMain] com.mbti.BackendApplication              : Starting BackendApplication using Java 21.0.8 with PID 18700 (E:\project\MBTI\backend\build\classes\java\main started by TJ in E:\project\MBTI\backend)
2025-12-31 11:44:23.585  INFO 18700 --- [restartedMain] com.mbti.BackendApplication              : No active profile set, falling back to 1 default profile: "default"
2025-12-31 11:44:23.782  WARN 18700 --- [restartedMain] o.m.s.mapper.ClassPathMapperScanner      : No MyBatis mapper was found in '[com.mbti]' package. Please check your configuration.
2025-12-31 11:44:23.787  WARN 18700 --- [restartedMain] ConfigServletWebServerApplicationContext : Exception encountered during context initialization - cancelling refresh attempt: java.lang.NullPointerException: Cannot read field "generatedClass" because "data" is null
2025-12-31 11:44:23.790  INFO 18700 --- [restartedMain] .s.b.a.l.ConditionEvaluationReportLogger : 

Error starting ApplicationContext. To display the condition evaluation report re-run your application with 'debug' enabled.
2025-12-31 11:44:23.798 ERROR 18700 --- [restartedMain] o.s.boot.SpringApplication               : Application run failed

java.lang.NullPointerException: Cannot read field "generatedClass" because "data" is null
	at org.springframework.cglib.proxy.Enhancer.nextInstance(Enhancer.java:783)
	at org.springframework.cglib.core.AbstractClassGenerator.create(AbstractClassGenerator.java:321)
	at org.springframework.cglib.proxy.Enhancer.createHelper(Enhancer.java:562)
	at org.springframework.cglib.proxy.Enhancer.createClass(Enhancer.java:407)
	at org.springframework.context.annotation.ConfigurationClassEnhancer.createClass(ConfigurationClassEnhancer.java:138)
	at org.springframework.context.annotation.ConfigurationClassEnhancer.enhance(ConfigurationClassEnhancer.java:109)
	at org.springframework.context.annotation.ConfigurationClassPostProcessor.enhanceConfigurationClasses(ConfigurationClassPostProcessor.java:533)
	at org.springframework.context.annotation.ConfigurationClassPostProcessor.postProcessBeanFactory(ConfigurationClassPostProcessor.java:310)
	at org.springframework.context.support.PostProcessorRegistrationDelegate.invokeBeanFactoryPostProcessors(PostProcessorRegistrationDelegate.java:363)
	at org.springframework.context.support.PostProcessorRegistrationDelegate.invokeBeanFactoryPostProcessors(PostProcessorRegistrationDelegate.java:153)
	at org.springframework.context.support.AbstractApplicationContext.invokeBeanFactoryPostProcessors(AbstractApplicationContext.java:789)
	at org.springframework.context.support.AbstractApplicationContext.refresh(AbstractApplicationContext.java:606)
	at org.springframework.boot.web.servlet.context.ServletWebServerApplicationContext.refresh(ServletWebServerApplicationContext.java:146)
	at org.springframework.boot.SpringApplication.refresh(SpringApplication.java:762)
	at org.springframework.boot.SpringApplication.refreshContext(SpringApplication.java:464)
	at org.springframework.boot.SpringApplication.run(SpringApplication.java:334)
	at org.springframework.boot.SpringApplication.run(SpringApplication.java:1358)
	at org.springframework.boot.SpringApplication.run(SpringApplication.java:1347)
	at com.mbti.BackendApplication.main(BackendApplication.java:10)
	at java.base/jdk.internal.reflect.DirectMethodHandleAccessor.invoke(DirectMethodHandleAccessor.java:103)
	at java.base/java.lang.reflect.Method.invoke(Method.java:580)
	at org.springframework.boot.devtools.restart.RestartLauncher.run(RestartLauncher.java:50)

2025-12-31 11:44:26.264  INFO 18700 --- [restartedMain] com.mbti.BackendApplication              : Starting BackendApplication using Java 21.0.8 with PID 18700 (E:\project\MBTI\backend\build\classes\java\main started by TJ in E:\project\MBTI\backend)
2025-12-31 11:44:26.264  INFO 18700 --- [restartedMain] com.mbti.BackendApplication              : No active profile set, falling back to 1 default profile: "default"
2025-12-31 11:44:26.665  INFO 18700 --- [restartedMain] o.s.b.w.embedded.tomcat.TomcatWebServer  : Tomcat initialized with port 8080 (http)
2025-12-31 11:44:26.666  INFO 18700 --- [restartedMain] o.apache.catalina.core.StandardService   : Starting service [Tomcat]
2025-12-31 11:44:26.667  INFO 18700 --- [restartedMain] o.apache.catalina.core.StandardEngine    : Starting Servlet engine: [Apache Tomcat/10.1.17]
2025-12-31 11:44:26.686  INFO 18700 --- [restartedMain] o.a.c.c.C.[Tomcat-1].[localhost].[/]     : Initializing Spring embedded WebApplicationContext
2025-12-31 11:44:26.686  INFO 18700 --- [restartedMain] w.s.c.ServletWebServerApplicationContext : Root WebApplicationContext: initialization completed in 419 ms
2025-12-31 11:44:26.725  INFO 18700 --- [restartedMain] com.zaxxer.hikari.HikariDataSource       : HikariPool-12 - Starting...
2025-12-31 11:44:26.798  INFO 18700 --- [restartedMain] com.zaxxer.hikari.pool.HikariPool        : HikariPool-12 - Added connection org.postgresql.jdbc.PgConnection@632548c3
2025-12-31 11:44:26.798  INFO 18700 --- [restartedMain] com.zaxxer.hikari.HikariDataSource       : HikariPool-12 - Start completed.
2025-12-31 11:44:27.370  INFO 18700 --- [restartedMain] o.s.b.d.a.OptionalLiveReloadServer       : LiveReload server is running on port 35729
2025-12-31 11:44:27.382  INFO 18700 --- [restartedMain] o.s.b.w.embedded.tomcat.TomcatWebServer  : Tomcat started on port 8080 (http) with context path ''
2025-12-31 11:44:27.386  INFO 18700 --- [restartedMain] com.mbti.BackendApplication              : Started BackendApplication in 1.147 seconds (process running for 7825.04)
2025-12-31 11:44:27.387  INFO 18700 --- [restartedMain] .ConditionEvaluationDeltaLoggingListener : Condition evaluation unchanged
